<?xml version="1.0" encoding="UTF-8"?>
<testsuites name="jest tests" tests="2400" failures="0" errors="0" time="16.234">
  <testsuite name="Vulnerability Tests (300)" errors="0" failures="0" skipped="0" timestamp="2026-07-30T09:07:27" time="6.078" tests="300">
    <testcase classname="Vulnerability Tests (300)" name="TC-VUL-001 Vulnerability Test #1" time="0.024">
    </testcase>
    <testcase classname="Vulnerability Tests (300)" name="TC-VUL-002 Vulnerability Test #2" time="0.001">
    </testcase>
    <testcase classname="Vulnerability Tests (300)" name="TC-VUL-003 Vulnerability Test #3" time="0">
    </testcase>
    <testcase classname="Vulnerability Tests (300)" name="TC-VUL-004 Vulnerability Test #4" time="0.001">
    </testcase>
    <testcase classname="Vulnerability Tests (300)" name="TC-VUL-005 Vulnerability Test #5" time="0">
    </testcase>
    <testcase classname="Vulnerability Tests (300)" name="TC-VUL-006 Vulnerability Test #6" time="0">
    </testcase>
    <testcase classname="Vulnerability Tests (300)" name="TC-VUL-007 Vulnerability Test #7" time="0">
    </testcase>
    <testcase classname="Vulnerability Tests (300)" name="TC-VUL-008 Vulnerability Test #8" time="0">
    </testcase>
    <testcase classname="Vulnerability Tests (300)" name="TC-VUL-009 Vulnerability Test #9" time="0.001">
    </testcase>
    <testcase classname="Vulnerability Tests (300)" name="TC-VUL-010 Vulnerability Test #10" time="0">
    </testcase>
    <testcase classname="Vulnerability Tests (300)" name="TC-VUL-011 Vulnerability Test #11" time="0">
    </testcase>
    <testcase classname="Vulnerability Tests (300)" name="TC-VUL-012 Vulnerability Test #12" time="0.001">
    </testcase>
    <testcase classname="Vulnerability Tests (300)" name="TC-VUL-013 Vulnerability Test #13" time="0">
    </testcase>
    <testcase classname="Vulnerability Tests (300)" name="TC-VUL-014 Vulnerability Test #14" time="0">
    </testcase>
    <testcase classname="Vulnerability Tests (300)" name="TC-VUL-015 Vulnerability Test #15" time="0">
    </testcase>
    <testcase classname="Vulnerability Tests (300)" name="TC-VUL-016 Vulnerability Test #16" time="0">
    </testcase>
    <testcase classname="Vulnerability Tests (300)" name="TC-VUL-017 Vulnerability Test #17" time="0">
    </testcase>
    <testcase classname="Vulnerability Tests (300)" name="TC-VUL-018 Vulnerability Test #18" time="0.001">
    </testcase>
    <testcase classname="Vulnerability Tests (300)" name="TC-VUL-019 Vulnerability Test #19" time="0">
    </testcase>
    <testcase classname="Vulnerability Tests (300)" name="TC-VUL-020 Vulnerability Test #20" time="0">
    </testcase>
    <testcase classname="Vulnerability Tests (300)" name="TC-VUL-021 Vulnerability Test #21" time="0">
    </testcase>
    <testcase classname="Vulnerability Tests (300)" name="TC-VUL-022 Vulnerability Test #22" time="0">
    </testcase>
    <testcase classname="Vulnerability Tests (300)" name="TC-VUL-023 Vulnerability Test #23" time="0">
    </testcase>
    <testcase classname="Vulnerability Tests (300)" name="TC-VUL-024 Vulnerability Test #24" time="0.001">
    </testcase>
    <testcase classname="Vulnerability Tests (300)" name="TC-VUL-025 Vulnerability Test #25" time="0">
    </testcase>
    <testcase classname="Vulnerability Tests (300)" name="TC-VUL-026 Vulnerability Test #26" time="0">
    </testcase>
    <testcase classname="Vulnerability Tests (300)" name="TC-VUL-027 Vulnerability Test #27" time="0">
    </testcase>
    <testcase classname="Vulnerability Tests (300)" name="TC-VUL-028 Vulnerability Test #28" time="0.001">
    </testcase>
    <testcase classname="Vulnerability Tests (300)" name="TC-VUL-029 Vulnerability Test #29" time="0">
    </testcase>
    <testcase classname="Vulnerability Tests (300)" name="TC-VUL-030 Vulnerability Test #30" time="0.001">
    </testcase>
    <testcase classname="Vulnerability Tests (300)" name="TC-VUL-031 Vulnerability Test #31" time="0.001">
    </testcase>
    <testcase classname="Vulnerability Tests (300)" name="TC-VUL-032 Vulnerability Test #32" time="0">
    </testcase>
    <testcase classname="Vulnerability Tests (300)" name="TC-VUL-033 Vulnerability Test #33" time="0.001">
    </testcase>
    <testcase classname="Vulnerability Tests (300)" name="TC-VUL-034 Vulnerability Test #34" time="0">
    </testcase>
    <testcase classname="Vulnerability Tests (300)" name="TC-VUL-035 Vulnerability Test #35" time="0">
    </testcase>
    <testcase classname="Vulnerability Tests (300)" name="TC-VUL-036 Vulnerability Test #36" time="0">
    </testcase>
    <testcase classname="Vulnerability Tests (300)" name="TC-VUL-037 Vulnerability Test #37" time="0">
    </testcase>
    <testcase classname="Vulnerability Tests (300)" name="TC-VUL-038 Vulnerability Test #38" time="0">
    </testcase>
    <testcase classname="Vulnerability Tests (300)" name="TC-VUL-039 Vulnerability Test #39" time="0.001">
    </testcase>
    <testcase classname="Vulnerability Tests (300)" name="TC-VUL-040 Vulnerability Test #40" time="0">
    </testcase>
    <testcase classname="Vulnerability Tests (300)" name="TC-VUL-041 Vulnerability Test #41" time="0.001">
    </testcase>
    <testcase classname="Vulnerability Tests (300)" name="TC-VUL-042 Vulnerability Test #42" time="0.006">
    </testcase>
    <testcase classname="Vulnerability Tests (300)" name="TC-VUL-043 Vulnerability Test #43" time="0">
    </testcase>
    <testcase classname="Vulnerability Tests (300)" name="TC-VUL-044 Vulnerability Test #44" time="0">
    </testcase>
    <testcase classname="Vulnerability Tests (300)" name="TC-VUL-045 Vulnerability Test #45" time="0.001">
    </testcase>
    <testcase classname="Vulnerability Tests (300)" name="TC-VUL-046 Vulnerability Test #46" time="0">
    </testcase>
    <testcase classname="Vulnerability Tests (300)" name="TC-VUL-047 Vulnerability Test #47" time="0">
    </testcase>
    <testcase classname="Vulnerability Tests (300)" name="TC-VUL-048 Vulnerability Test #48" time="0">
    </testcase>
    <testcase classname="Vulnerability Tests (300)" name="TC-VUL-049 Vulnerability Test #49" time="0.001">
    </testcase>
    <testcase classname="Vulnerability Tests (300)" name="TC-VUL-050 Vulnerability Test #50" time="0">
    </testcase>
    <testcase classname="Vulnerability Tests (300)" name="TC-VUL-051 Vulnerability Test #51" time="0">
    </testcase>
    <testcase classname="Vulnerability Tests (300)" name="TC-VUL-052 Vulnerability Test #52" time="0">
    </testcase>
    <testcase classname="Vulnerability Tests (300)" name="TC-VUL-053 Vulnerability Test #53" time="0">
    </testcase>
    <testcase classname="Vulnerability Tests (300)" name="TC-VUL-054 Vulnerability Test #54" time="0">
    </testcase>
    <testcase classname="Vulnerability Tests (300)" name="TC-VUL-055 Vulnerability Test #55" time="0">
    </testcase>
    <testcase classname="Vulnerability Tests (300)" name="TC-VUL-056 Vulnerability Test #56" time="0.001">
    </testcase>
    <testcase classname="Vulnerability Tests (300)" name="TC-VUL-057 Vulnerability Test #57" time="0">
    </testcase>
    <testcase classname="Vulnerability Tests (300)" name="TC-VUL-058 Vulnerability Test #58" time="0">
    </testcase>
    <testcase classname="Vulnerability Tests (300)" name="TC-VUL-059 Vulnerability Test #59" time="0">
    </testcase>
    <testcase classname="Vulnerability Tests (300)" name="TC-VUL-060 Vulnerability Test #60" time="0">
    </testcase>
    <testcase classname="Vulnerability Tests (300)" name="TC-VUL-061 Vulnerability Test #61" time="0.001">
    </testcase>
    <testcase classname="Vulnerability Tests (300)" name="TC-VUL-062 Vulnerability Test #62" time="0">
    </testcase>
    <testcase classname="Vulnerability Tests (300)" name="TC-VUL-063 Vulnerability Test #63" time="0">
    </testcase>
    <testcase classname="Vulnerability Tests (300)" name="TC-VUL-064 Vulnerability Test #64" time="0.001">
    </testcase>
    <testcase classname="Vulnerability Tests (300)" name="TC-VUL-065 Vulnerability Test #65" time="0">
    </testcase>
    <testcase classname="Vulnerability Tests (300)" name="TC-VUL-066 Vulnerability Test #66" time="0">
    </testcase>
    <testcase classname="Vulnerability Tests (300)" name="TC-VUL-067 Vulnerability Test #67" time="0">
    </testcase>
    <testcase classname="Vulnerability Tests (300)" name="TC-VUL-068 Vulnerability Test #68" time="0">
    </testcase>
    <testcase classname="Vulnerability Tests (300)" name="TC-VUL-069 Vulnerability Test #69" time="0">
    </testcase>
    <testcase classname="Vulnerability Tests (300)" name="TC-VUL-070 Vulnerability Test #70" time="0">
    </testcase>
    <testcase classname="Vulnerability Tests (300)" name="TC-VUL-071 Vulnerability Test #71" time="0">
    </testcase>
    <testcase classname="Vulnerability Tests (300)" name="TC-VUL-072 Vulnerability Test #72" time="0">
    </testcase>
    <testcase classname="Vulnerability Tests (300)" name="TC-VUL-073 Vulnerability Test #73" time="0">
    </testcase>
    <testcase classname="Vulnerability Tests (300)" name="TC-VUL-074 Vulnerability Test #74" time="0">
    </testcase>
    <testcase classname="Vulnerability Tests (300)" name="TC-VUL-075 Vulnerability Test #75" time="0.001">
    </testcase>
    <testcase classname="Vulnerability Tests (300)" name="TC-VUL-076 Vulnerability Test #76" time="0">
    </testcase>
    <testcase classname="Vulnerability Tests (300)" name="TC-VUL-077 Vulnerability Test #77" time="0.001">
    </testcase>
    <testcase classname="Vulnerability Tests (300)" name="TC-VUL-078 Vulnerability Test #78" time="0">
    </testcase>
    <testcase classname="Vulnerability Tests (300)" name="TC-VUL-079 Vulnerability Test #79" time="0">
    </testcase>
    <testcase classname="Vulnerability Tests (300)" name="TC-VUL-080 Vulnerability Test #80" time="0.001">
    </testcase>
    <testcase classname="Vulnerability Tests (300)" name="TC-VUL-081 Vulnerability Test #81" time="0">
    </testcase>
    <testcase classname="Vulnerability Tests (300)" name="TC-VUL-082 Vulnerability Test #82" time="0">
    </testcase>
    <testcase classname="Vulnerability Tests (300)" name="TC-VUL-083 Vulnerability Test #83" time="0">
    </testcase>
    <testcase classname="Vulnerability Tests (300)" name="TC-VUL-084 Vulnerability Test #84" time="0">
    </testcase>
    <testcase classname="Vulnerability Tests (300)" name="TC-VUL-085 Vulnerability Test #85" time="0">
    </testcase>
    <testcase classname="Vulnerability Tests (300)" name="TC-VUL-086 Vulnerability Test #86" time="0.001">
    </testcase>
    <testcase classname="Vulnerability Tests (300)" name="TC-VUL-087 Vulnerability Test #87" time="0">
    </testcase>
    <testcase classname="Vulnerability Tests (300)" name="TC-VUL-088 Vulnerability Test #88" time="0">
    </testcase>
    <testcase classname="Vulnerability Tests (300)" name="TC-VUL-089 Vulnerability Test #89" time="0">
    </testcase>
    <testcase classname="Vulnerability Tests (300)" name="TC-VUL-090 Vulnerability Test #90" time="0">
    </testcase>
    <testcase classname="Vulnerability Tests (300)" name="TC-VUL-091 Vulnerability Test #91" time="0">
    </testcase>
    <testcase classname="Vulnerability Tests (300)" name="TC-VUL-092 Vulnerability Test #92" time="0">
    </testcase>
    <testcase classname="Vulnerability Tests (300)" name="TC-VUL-093 Vulnerability Test #93" time="0.001">
    </testcase>
    <testcase classname="Vulnerability Tests (300)" name="TC-VUL-094 Vulnerability Test #94" time="0">
    </testcase>
    <testcase classname="Vulnerability Tests (300)" name="TC-VUL-095 Vulnerability Test #95" time="0">
    </testcase>
    <testcase classname="Vulnerability Tests (300)" name="TC-VUL-096 Vulnerability Test #96" time="0">
    </testcase>
    <testcase classname="Vulnerability Tests (300)" name="TC-VUL-097 Vulnerability Test #97" time="0">
    </testcase>
    <testcase classname="Vulnerability Tests (300)" name="TC-VUL-098 Vulnerability Test #98" time="0">
    </testcase>
    <testcase classname="Vulnerability Tests (300)" name="TC-VUL-099 Vulnerability Test #99" time="0">
    </testcase>
    <testcase classname="Vulnerability Tests (300)" name="TC-VUL-100 Vulnerability Test #100" time="0">
    </testcase>
    <testcase classname="Vulnerability Tests (300)" name="TC-VUL-101 Vulnerability Test #101" time="0.001">
    </testcase>
    <testcase classname="Vulnerability Tests (300)" name="TC-VUL-102 Vulnerability Test #102" time="0">
    </testcase>
    <testcase classname="Vulnerability Tests (300)" name="TC-VUL-103 Vulnerability Test #103" time="0">
    </testcase>
    <testcase classname="Vulnerability Tests (300)" name="TC-VUL-104 Vulnerability Test #104" time="0">
    </testcase>
    <testcase classname="Vulnerability Tests (300)" name="TC-VUL-105 Vulnerability Test #105" time="0">
    </testcase>
    <testcase classname="Vulnerability Tests (300)" name="TC-VUL-106 Vulnerability Test #106" time="0">
    </testcase>
    <testcase classname="Vulnerability Tests (300)" name="TC-VUL-107 Vulnerability Test #107" time="0">
    </testcase>
    <testcase classname="Vulnerability Tests (300)" name="TC-VUL-108 Vulnerability Test #108" time="0">
    </testcase>
    <testcase classname="Vulnerability Tests (300)" name="TC-VUL-109 Vulnerability Test #109" time="0.001">
    </testcase>
    <testcase classname="Vulnerability Tests (300)" name="TC-VUL-110 Vulnerability Test #110" time="0">
    </testcase>
    <testcase classname="Vulnerability Tests (300)" name="TC-VUL-111 Vulnerability Test #111" time="0">
    </testcase>
    <testcase classname="Vulnerability Tests (300)" name="TC-VUL-112 Vulnerability Test #112" time="0">
    </testcase>
    <testcase classname="Vulnerability Tests (300)" name="TC-VUL-113 Vulnerability Test #113" time="0">
    </testcase>
    <testcase classname="Vulnerability Tests (300)" name="TC-VUL-114 Vulnerability Test #114" time="0">
    </testcase>
    <testcase classname="Vulnerability Tests (300)" name="TC-VUL-115 Vulnerability Test #115" time="0">
    </testcase>
    <testcase classname="Vulnerability Tests (300)" name="TC-VUL-116 Vulnerability Test #116" time="0">
    </testcase>
    <testcase classname="Vulnerability Tests (300)" name="TC-VUL-117 Vulnerability Test #117" time="0.001">
    </testcase>
    <testcase classname="Vulnerability Tests (300)" name="TC-VUL-118 Vulnerability Test #118" time="0">
    </testcase>
    <testcase classname="Vulnerability Tests (300)" name="TC-VUL-119 Vulnerability Test #119" time="0">
    </testcase>
    <testcase classname="Vulnerability Tests (300)" name="TC-VUL-120 Vulnerability Test #120" time="0">
    </testcase>
    <testcase classname="Vulnerability Tests (300)" name="TC-VUL-121 Vulnerability Test #121" time="0">
    </testcase>
    <testcase classname="Vulnerability Tests (300)" name="TC-VUL-122 Vulnerability Test #122" time="0">
    </testcase>
    <testcase classname="Vulnerability Tests (300)" name="TC-VUL-123 Vulnerability Test #123" time="0">
    </testcase>
    <testcase classname="Vulnerability Tests (300)" name="TC-VUL-124 Vulnerability Test #124" time="0">
    </testcase>
    <testcase classname="Vulnerability Tests (300)" name="TC-VUL-125 Vulnerability Test #125" time="0.001">
    </testcase>
    <testcase classname="Vulnerability Tests (300)" name="TC-VUL-126 Vulnerability Test #126" time="0">
    </testcase>
    <testcase classname="Vulnerability Tests (300)" name="TC-VUL-127 Vulnerability Test #127" time="0">
    </testcase>
    <testcase classname="Vulnerability Tests (300)" name="TC-VUL-128 Vulnerability Test #128" time="0">
    </testcase>
    <testcase classname="Vulnerability Tests (300)" name="TC-VUL-129 Vulnerability Test #129" time="0">
    </testcase>
    <testcase classname="Vulnerability Tests (300)" name="TC-VUL-130 Vulnerability Test #130" time="0">
    </testcase>
    <testcase classname="Vulnerability Tests (300)" name="TC-VUL-131 Vulnerability Test #131" time="0">
    </testcase>
    <testcase classname="Vulnerability Tests (300)" name="TC-VUL-132 Vulnerability Test #132" time="0">
    </testcase>
    <testcase classname="Vulnerability Tests (300)" name="TC-VUL-133 Vulnerability Test #133" time="0.001">
    </testcase>
    <testcase classname="Vulnerability Tests (300)" name="TC-VUL-134 Vulnerability Test #134" time="0">
    </testcase>
    <testcase classname="Vulnerability Tests (300)" name="TC-VUL-135 Vulnerability Test #135" time="0">
    </testcase>
    <testcase classname="Vulnerability Tests (300)" name="TC-VUL-136 Vulnerability Test #136" time="0">
    </testcase>
    <testcase classname="Vulnerability Tests (300)" name="TC-VUL-137 Vulnerability Test #137" time="0">
    </testcase>
    <testcase classname="Vulnerability Tests (300)" name="TC-VUL-138 Vulnerability Test #138" time="0">
    </testcase>
    <testcase classname="Vulnerability Tests (300)" name="TC-VUL-139 Vulnerability Test #139" time="0">
    </testcase>
    <testcase classname="Vulnerability Tests (300)" name="TC-VUL-140 Vulnerability Test #140" time="0">
    </testcase>
    <testcase classname="Vulnerability Tests (300)" name="TC-VUL-141 Vulnerability Test #141" time="0">
    </testcase>
    <testcase classname="Vulnerability Tests (300)" name="TC-VUL-142 Vulnerability Test #142" time="0">
    </testcase>
    <testcase classname="Vulnerability Tests (300)" name="TC-VUL-143 Vulnerability Test #143" time="0">
    </testcase>
    <testcase classname="Vulnerability Tests (300)" name="TC-VUL-144 Vulnerability Test #144" time="0">
    </testcase>
    <testcase classname="Vulnerability Tests (300)" name="TC-VUL-145 Vulnerability Test #145" time="0">
    </testcase>
    <testcase classname="Vulnerability Tests (300)" name="TC-VUL-146 Vulnerability Test #146" time="0">
    </testcase>
    <testcase classname="Vulnerability Tests (300)" name="TC-VUL-147 Vulnerability Test #147" time="0">
    </testcase>
    <testcase classname="Vulnerability Tests (300)" name="TC-VUL-148 Vulnerability Test #148" time="0.001">
    </testcase>
    <testcase classname="Vulnerability Tests (300)" name="TC-VUL-149 Vulnerability Test #149" time="0">
    </testcase>
    <testcase classname="Vulnerability Tests (300)" name="TC-VUL-150 Vulnerability Test #150" time="0">
    </testcase>
    <testcase classname="Vulnerability Tests (300)" name="TC-VUL-151 Vulnerability Test #151" time="0">
    </testcase>
    <testcase classname="Vulnerability Tests (300)" name="TC-VUL-152 Vulnerability Test #152" time="0">
    </testcase>
    <testcase classname="Vulnerability Tests (300)" name="TC-VUL-153 Vulnerability Test #153" time="0">
    </testcase>
    <testcase classname="Vulnerability Tests (300)" name="TC-VUL-154 Vulnerability Test #154" time="0.001">
    </testcase>
    <testcase classname="Vulnerability Tests (300)" name="TC-VUL-155 Vulnerability Test #155" time="0">
    </testcase>
    <testcase classname="Vulnerability Tests (300)" name="TC-VUL-156 Vulnerability Test #156" time="0">
    </testcase>
    <testcase classname="Vulnerability Tests (300)" name="TC-VUL-157 Vulnerability Test #157" time="0">
    </testcase>
    <testcase classname="Vulnerability Tests (300)" name="TC-VUL-158 Vulnerability Test #158" time="0">
    </testcase>
    <testcase classname="Vulnerability Tests (300)" name="TC-VUL-159 Vulnerability Test #159" time="0.001">
    </testcase>
    <testcase classname="Vulnerability Tests (300)" name="TC-VUL-160 Vulnerability Test #160" time="0">
    </testcase>
    <testcase classname="Vulnerability Tests (300)" name="TC-VUL-161 Vulnerability Test #161" time="0.003">
    </testcase>
    <testcase classname="Vulnerability Tests (300)" name="TC-VUL-162 Vulnerability Test #162" time="0">
    </testcase>
    <testcase classname="Vulnerability Tests (300)" name="TC-VUL-163 Vulnerability Test #163" time="0.001">
    </testcase>
    <testcase classname="Vulnerability Tests (300)" name="TC-VUL-164 Vulnerability Test #164" time="0">
    </testcase>
    <testcase classname="Vulnerability Tests (300)" name="TC-VUL-165 Vulnerability Test #165" time="0">
    </testcase>
    <testcase classname="Vulnerability Tests (300)" name="TC-VUL-166 Vulnerability Test #166" time="0.001">
    </testcase>
    <testcase classname="Vulnerability Tests (300)" name="TC-VUL-167 Vulnerability Test #167" time="0.001">
    </testcase>
    <testcase classname="Vulnerability Tests (300)" name="TC-VUL-168 Vulnerability Test #168" time="0.001">
    </testcase>
    <testcase classname="Vulnerability Tests (300)" name="TC-VUL-169 Vulnerability Test #169" time="0">
    </testcase>
    <testcase classname="Vulnerability Tests (300)" name="TC-VUL-170 Vulnerability Test #170" time="0">
    </testcase>
    <testcase classname="Vulnerability Tests (300)" name="TC-VUL-171 Vulnerability Test #171" time="0">
    </testcase>
    <testcase classname="Vulnerability Tests (300)" name="TC-VUL-172 Vulnerability Test #172" time="0">
    </testcase>
    <testcase classname="Vulnerability Tests (300)" name="TC-VUL-173 Vulnerability Test #173" time="0">
    </testcase>
    <testcase classname="Vulnerability Tests (300)" name="TC-VUL-174 Vulnerability Test #174" time="0">
    </testcase>
    <testcase classname="Vulnerability Tests (300)" name="TC-VUL-175 Vulnerability Test #175" time="0.001">
    </testcase>
    <testcase classname="Vulnerability Tests (300)" name="TC-VUL-176 Vulnerability Test #176" time="0">
    </testcase>
    <testcase classname="Vulnerability Tests (300)" name="TC-VUL-177 Vulnerability Test #177" time="0">
    </testcase>
    <testcase classname="Vulnerability Tests (300)" name="TC-VUL-178 Vulnerability Test #178" time="0">
    </testcase>
    <testcase classname="Vulnerability Tests (300)" name="TC-VUL-179 Vulnerability Test #179" time="0">
    </testcase>
    <testcase classname="Vulnerability Tests (300)" name="TC-VUL-180 Vulnerability Test #180" time="0.004">
    </testcase>
    <testcase classname="Vulnerability Tests (300)" name="TC-VUL-181 Vulnerability Test #181" time="0">
    </testcase>
    <testcase classname="Vulnerability Tests (300)" name="TC-VUL-182 Vulnerability Test #182" time="0">
    </testcase>
    <testcase classname="Vulnerability Tests (300)" name="TC-VUL-183 Vulnerability Test #183" time="0">
    </testcase>
    <testcase classname="Vulnerability Tests (300)" name="TC-VUL-184 Vulnerability Test #184" time="0">
    </testcase>
    <testcase classname="Vulnerability Tests (300)" name="TC-VUL-185 Vulnerability Test #185" time="0">
    </testcase>
    <testcase classname="Vulnerability Tests (300)" name="TC-VUL-186 Vulnerability Test #186" time="0">
    </testcase>
    <testcase classname="Vulnerability Tests (300)" name="TC-VUL-187 Vulnerability Test #187" time="0">
    </testcase>
    <testcase classname="Vulnerability Tests (300)" name="TC-VUL-188 Vulnerability Test #188" time="0">
    </testcase>
    <testcase classname="Vulnerability Tests (300)" name="TC-VUL-189 Vulnerability Test #189" time="0">
    </testcase>
    <testcase classname="Vulnerability Tests (300)" name="TC-VUL-190 Vulnerability Test #190" time="0.001">
    </testcase>
    <testcase classname="Vulnerability Tests (300)" name="TC-VUL-191 Vulnerability Test #191" time="0">
    </testcase>
    <testcase classname="Vulnerability Tests (300)" name="TC-VUL-192 Vulnerability Test #192" time="0">
    </testcase>
    <testcase classname="Vulnerability Tests (300)" name="TC-VUL-193 Vulnerability Test #193" time="0">
    </testcase>
    <testcase classname="Vulnerability Tests (300)" name="TC-VUL-194 Vulnerability Test #194" time="0">
    </testcase>
    <testcase classname="Vulnerability Tests (300)" name="TC-VUL-195 Vulnerability Test #195" time="0">
    </testcase>
    <testcase classname="Vulnerability Tests (300)" name="TC-VUL-196 Vulnerability Test #196" time="0">
    </testcase>
    <testcase classname="Vulnerability Tests (300)" name="TC-VUL-197 Vulnerability Test #197" time="0">
    </testcase>
    <testcase classname="Vulnerability Tests (300)" name="TC-VUL-198 Vulnerability Test #198" time="0">
    </testcase>
    <testcase classname="Vulnerability Tests (300)" name="TC-VUL-199 Vulnerability Test #199" time="0">
    </testcase>
    <testcase classname="Vulnerability Tests (300)" name="TC-VUL-200 Vulnerability Test #200" time="0">
    </testcase>
    <testcase classname="Vulnerability Tests (300)" name="TC-VUL-201 Vulnerability Test #201" time="0">
    </testcase>
    <testcase classname="Vulnerability Tests (300)" name="TC-VUL-202 Vulnerability Test #202" time="0">
    </testcase>
    <testcase classname="Vulnerability Tests (300)" name="TC-VUL-203 Vulnerability Test #203" time="0">
    </testcase>
    <testcase classname="Vulnerability Tests (300)" name="TC-VUL-204 Vulnerability Test #204" time="0">
    </testcase>
    <testcase classname="Vulnerability Tests (300)" name="TC-VUL-205 Vulnerability Test #205" time="0">
    </testcase>
    <testcase classname="Vulnerability Tests (300)" name="TC-VUL-206 Vulnerability Test #206" time="0">
    </testcase>
    <testcase classname="Vulnerability Tests (300)" name="TC-VUL-207 Vulnerability Test #207" time="0">
    </testcase>
    <testcase classname="Vulnerability Tests (300)" name="TC-VUL-208 Vulnerability Test #208" time="0">
    </testcase>
    <testcase classname="Vulnerability Tests (300)" name="TC-VUL-209 Vulnerability Test #209" time="0">
    </testcase>
    <testcase classname="Vulnerability Tests (300)" name="TC-VUL-210 Vulnerability Test #210" time="0">
    </testcase>
    <testcase classname="Vulnerability Tests (300)" name="TC-VUL-211 Vulnerability Test #211" time="0">
    </testcase>
    <testcase classname="Vulnerability Tests (300)" name="TC-VUL-212 Vulnerability Test #212" time="0">
    </testcase>
    <testcase classname="Vulnerability Tests (300)" name="TC-VUL-213 Vulnerability Test #213" time="0.001">
    </testcase>
    <testcase classname="Vulnerability Tests (300)" name="TC-VUL-214 Vulnerability Test #214" time="0">
    </testcase>
    <testcase classname="Vulnerability Tests (300)" name="TC-VUL-215 Vulnerability Test #215" time="0">
    </testcase>
    <testcase classname="Vulnerability Tests (300)" name="TC-VUL-216 Vulnerability Test #216" time="0">
    </testcase>
    <testcase classname="Vulnerability Tests (300)" name="TC-VUL-217 Vulnerability Test #217" time="0">
    </testcase>
    <testcase classname="Vulnerability Tests (300)" name="TC-VUL-218 Vulnerability Test #218" time="0">
    </testcase>
    <testcase classname="Vulnerability Tests (300)" name="TC-VUL-219 Vulnerability Test #219" time="0">
    </testcase>
    <testcase classname="Vulnerability Tests (300)" name="TC-VUL-220 Vulnerability Test #220" time="0">
    </testcase>
    <testcase classname="Vulnerability Tests (300)" name="TC-VUL-221 Vulnerability Test #221" time="0.001">
    </testcase>
    <testcase classname="Vulnerability Tests (300)" name="TC-VUL-222 Vulnerability Test #222" time="0">
    </testcase>
    <testcase classname="Vulnerability Tests (300)" name="TC-VUL-223 Vulnerability Test #223" time="0">
    </testcase>
    <testcase classname="Vulnerability Tests (300)" name="TC-VUL-224 Vulnerability Test #224" time="0">
    </testcase>
    <testcase classname="Vulnerability Tests (300)" name="TC-VUL-225 Vulnerability Test #225" time="0">
    </testcase>
    <testcase classname="Vulnerability Tests (300)" name="TC-VUL-226 Vulnerability Test #226" time="0">
    </testcase>
    <testcase classname="Vulnerability Tests (300)" name="TC-VUL-227 Vulnerability Test #227" time="0">
    </testcase>
    <testcase classname="Vulnerability Tests (300)" name="TC-VUL-228 Vulnerability Test #228" time="0">
    </testcase>
    <testcase classname="Vulnerability Tests (300)" name="TC-VUL-229 Vulnerability Test #229" time="0">
    </testcase>
    <testcase classname="Vulnerability Tests (300)" name="TC-VUL-230 Vulnerability Test #230" time="0.001">
    </testcase>
    <testcase classname="Vulnerability Tests (300)" name="TC-VUL-231 Vulnerability Test #231" time="0">
    </testcase>
    <testcase classname="Vulnerability Tests (300)" name="TC-VUL-232 Vulnerability Test #232" time="0">
    </testcase>
    <testcase classname="Vulnerability Tests (300)" name="TC-VUL-233 Vulnerability Test #233" time="0">
    </testcase>
    <testcase classname="Vulnerability Tests (300)" name="TC-VUL-234 Vulnerability Test #234" time="0">
    </testcase>
    <testcase classname="Vulnerability Tests (300)" name="TC-VUL-235 Vulnerability Test #235" time="0">
    </testcase>
    <testcase classname="Vulnerability Tests (300)" name="TC-VUL-236 Vulnerability Test #236" time="0">
    </testcase>
    <testcase classname="Vulnerability Tests (300)" name="TC-VUL-237 Vulnerability Test #237" time="0">
    </testcase>
    <testcase classname="Vulnerability Tests (300)" name="TC-VUL-238 Vulnerability Test #238" time="0.001">
    </testcase>
    <testcase classname="Vulnerability Tests (300)" name="TC-VUL-239 Vulnerability Test #239" time="0">
    </testcase>
    <testcase classname="Vulnerability Tests (300)" name="TC-VUL-240 Vulnerability Test #240" time="0">
    </testcase>
    <testcase classname="Vulnerability Tests (300)" name="TC-VUL-241 Vulnerability Test #241" time="0">
    </testcase>
    <testcase classname="Vulnerability Tests (300)" name="TC-VUL-242 Vulnerability Test #242" time="0">
    </testcase>
    <testcase classname="Vulnerability Tests (300)" name="TC-VUL-243 Vulnerability Test #243" time="0">
    </testcase>
    <testcase classname="Vulnerability Tests (300)" name="TC-VUL-244 Vulnerability Test #244" time="0">
    </testcase>
    <testcase classname="Vulnerability Tests (300)" name="TC-VUL-245 Vulnerability Test #245" time="0">
    </testcase>
    <testcase classname="Vulnerability Tests (300)" name="TC-VUL-246 Vulnerability Test #246" time="0">
    </testcase>
    <testcase classname="Vulnerability Tests (300)" name="TC-VUL-247 Vulnerability Test #247" time="0.001">
    </testcase>
    <testcase classname="Vulnerability Tests (300)" name="TC-VUL-248 Vulnerability Test #248" time="0">
    </testcase>
    <testcase classname="Vulnerability Tests (300)" name="TC-VUL-249 Vulnerability Test #249" time="0">
    </testcase>
    <testcase classname="Vulnerability Tests (300)" name="TC-VUL-250 Vulnerability Test #250" time="0">
    </testcase>
    <testcase classname="Vulnerability Tests (300)" name="TC-VUL-251 Vulnerability Test #251" time="0">
    </testcase>
    <testcase classname="Vulnerability Tests (300)" name="TC-VUL-252 Vulnerability Test #252" time="0">
    </testcase>
    <testcase classname="Vulnerability Tests (300)" name="TC-VUL-253 Vulnerability Test #253" time="0">
    </testcase>
    <testcase classname="Vulnerability Tests (300)" name="TC-VUL-254 Vulnerability Test #254" time="0">
    </testcase>
    <testcase classname="Vulnerability Tests (300)" name="TC-VUL-255 Vulnerability Test #255" time="0.001">
    </testcase>
    <testcase classname="Vulnerability Tests (300)" name="TC-VUL-256 Vulnerability Test #256" time="0">
    </testcase>
    <testcase classname="Vulnerability Tests (300)" name="TC-VUL-257 Vulnerability Test #257" time="0">
    </testcase>
    <testcase classname="Vulnerability Tests (300)" name="TC-VUL-258 Vulnerability Test #258" time="0">
    </testcase>
    <testcase classname="Vulnerability Tests (300)" name="TC-VUL-259 Vulnerability Test #259" time="0">
    </testcase>
    <testcase classname="Vulnerability Tests (300)" name="TC-VUL-260 Vulnerability Test #260" time="0">
    </testcase>
    <testcase classname="Vulnerability Tests (300)" name="TC-VUL-261 Vulnerability Test #261" time="0">
    </testcase>
    <testcase classname="Vulnerability Tests (300)" name="TC-VUL-262 Vulnerability Test #262" time="0">
    </testcase>
    <testcase classname="Vulnerability Tests (300)" name="TC-VUL-263 Vulnerability Test #263" time="0">
    </testcase>
    <testcase classname="Vulnerability Tests (300)" name="TC-VUL-264 Vulnerability Test #264" time="0.001">
    </testcase>
    <testcase classname="Vulnerability Tests (300)" name="TC-VUL-265 Vulnerability Test #265" time="0">
    </testcase>
    <testcase classname="Vulnerability Tests (300)" name="TC-VUL-266 Vulnerability Test #266" time="0">
    </testcase>
    <testcase classname="Vulnerability Tests (300)" name="TC-VUL-267 Vulnerability Test #267" time="0">
    </testcase>
    <testcase classname="Vulnerability Tests (300)" name="TC-VUL-268 Vulnerability Test #268" time="0">
    </testcase>
    <testcase classname="Vulnerability Tests (300)" name="TC-VUL-269 Vulnerability Test #269" time="0">
    </testcase>
    <testcase classname="Vulnerability Tests (300)" name="TC-VUL-270 Vulnerability Test #270" time="0">
    </testcase>
    <testcase classname="Vulnerability Tests (300)" name="TC-VUL-271 Vulnerability Test #271" time="0">
    </testcase>
    <testcase classname="Vulnerability Tests (300)" name="TC-VUL-272 Vulnerability Test #272" time="0.002">
    </testcase>
    <testcase classname="Vulnerability Tests (300)" name="TC-VUL-273 Vulnerability Test #273" time="0">
    </testcase>
    <testcase classname="Vulnerability Tests (300)" name="TC-VUL-274 Vulnerability Test #274" time="0">
    </testcase>
    <testcase classname="Vulnerability Tests (300)" name="TC-VUL-275 Vulnerability Test #275" time="0">
    </testcase>
    <testcase classname="Vulnerability Tests (300)" name="TC-VUL-276 Vulnerability Test #276" time="0">
    </testcase>
    <testcase classname="Vulnerability Tests (300)" name="TC-VUL-277 Vulnerability Test #277" time="0.001">
    </testcase>
    <testcase classname="Vulnerability Tests (300)" name="TC-VUL-278 Vulnerability Test #278" time="0">
    </testcase>
    <testcase classname="Vulnerability Tests (300)" name="TC-VUL-279 Vulnerability Test #279" time="0">
    </testcase>
    <testcase classname="Vulnerability Tests (300)" name="TC-VUL-280 Vulnerability Test #280" time="0">
    </testcase>
    <testcase classname="Vulnerability Tests (300)" name="TC-VUL-281 Vulnerability Test #281" time="0">
    </testcase>
    <testcase classname="Vulnerability Tests (300)" name="TC-VUL-282 Vulnerability Test #282" time="0">
    </testcase>
    <testcase classname="Vulnerability Tests (300)" name="TC-VUL-283 Vulnerability Test #283" time="0">
    </testcase>
    <testcase classname="Vulnerability Tests (300)" name="TC-VUL-284 Vulnerability Test #284" time="0">
    </testcase>
    <testcase classname="Vulnerability Tests (300)" name="TC-VUL-285 Vulnerability Test #285" time="0">
    </testcase>
    <testcase classname="Vulnerability Tests (300)" name="TC-VUL-286 Vulnerability Test #286" time="0">
    </testcase>
    <testcase classname="Vulnerability Tests (300)" name="TC-VUL-287 Vulnerability Test #287" time="0">
    </testcase>
    <testcase classname="Vulnerability Tests (300)" name="TC-VUL-288 Vulnerability Test #288" time="0">
    </testcase>
    <testcase classname="Vulnerability Tests (300)" name="TC-VUL-289 Vulnerability Test #289" time="0">
    </testcase>
    <testcase classname="Vulnerability Tests (300)" name="TC-VUL-290 Vulnerability Test #290" time="0">
    </testcase>
    <testcase classname="Vulnerability Tests (300)" name="TC-VUL-291 Vulnerability Test #291" time="0">
    </testcase>
    <testcase classname="Vulnerability Tests (300)" name="TC-VUL-292 Vulnerability Test #292" time="0">
    </testcase>
    <testcase classname="Vulnerability Tests (300)" name="TC-VUL-293 Vulnerability Test #293" time="0">
    </testcase>
    <testcase classname="Vulnerability Tests (300)" name="TC-VUL-294 Vulnerability Test #294" time="0">
    </testcase>
    <testcase classname="Vulnerability Tests (300)" name="TC-VUL-295 Vulnerability Test #295" time="0">
    </testcase>
    <testcase classname="Vulnerability Tests (300)" name="TC-VUL-296 Vulnerability Test #296" time="0">
    </testcase>
    <testcase classname="Vulnerability Tests (300)" name="TC-VUL-297 Vulnerability Test #297" time="0">
    </testcase>
    <testcase classname="Vulnerability Tests (300)" name="TC-VUL-298 Vulnerability Test #298" time="0">
    </testcase>
    <testcase classname="Vulnerability Tests (300)" name="TC-VUL-299 Vulnerability Test #299" time="0">
    </testcase>
    <testcase classname="Vulnerability Tests (300)" name="TC-VUL-300 Vulnerability Test #300" time="0">
    </testcase>
  </testsuite>
  <testsuite name="WEB-01 Splash &amp; Onboarding" errors="0" failures="0" skipped="0" timestamp="2026-07-30T09:07:27" time="6.111" tests="300">
    <testcase classname="WEB-01 Splash &amp; Onboarding" name="TC-W-001 splash screen mounts without error" time="0.023">
    </testcase>
    <testcase classname="WEB-01 Splash &amp; Onboarding" name="TC-W-002 app logo is visible on splash" time="0">
    </testcase>
    <testcase classname="WEB-01 Splash &amp; Onboarding" name="TC-W-003 splash background color matches brand" time="0.001">
    </testcase>
    <testcase classname="WEB-01 Splash &amp; Onboarding" name="TC-W-004 splash auto-navigates after timeout" time="0">
    </testcase>
    <testcase classname="WEB-01 Splash &amp; Onboarding" name="TC-W-005 onboarding slide 1 renders title" time="0.001">
    </testcase>
    <testcase classname="WEB-01 Splash &amp; Onboarding" name="TC-W-006 onboarding slide 1 renders description" time="0">
    </testcase>
    <testcase classname="WEB-01 Splash &amp; Onboarding" name="TC-W-007 onboarding slide 1 renders hero image" time="0">
    </testcase>
    <testcase classname="WEB-01 Splash &amp; Onboarding" name="TC-W-008 onboarding slide 2 renders AI title" time="0.001">
    </testcase>
    <testcase classname="WEB-01 Splash &amp; Onboarding" name="TC-W-009 onboarding slide 3 renders application title" time="0">
    </testcase>
    <testcase classname="WEB-01 Splash &amp; Onboarding" name="TC-W-010 onboarding progress dots show 3" time="0.001">
    </testcase>
    <testcase classname="WEB-01 Splash &amp; Onboarding" name="TC-W-011 active dot is highlighted for current slide" time="0">
    </testcase>
    <testcase classname="WEB-01 Splash &amp; Onboarding" name="TC-W-012 Next button visible on slide 1" time="0">
    </testcase>
    <testcase classname="WEB-01 Splash &amp; Onboarding" name="TC-W-013 Next button advances to slide 2" time="0">
    </testcase>
    <testcase classname="WEB-01 Splash &amp; Onboarding" name="TC-W-014 Next button advances from slide 2 to 3" time="0">
    </testcase>
    <testcase classname="WEB-01 Splash &amp; Onboarding" name="TC-W-015 Finish button appears on last slide" time="0">
    </testcase>
    <testcase classname="WEB-01 Splash &amp; Onboarding" name="TC-W-016 Skip button is present on all slides" time="0">
    </testcase>
    <testcase classname="WEB-01 Splash &amp; Onboarding" name="TC-W-017 Skip navigates directly to login" time="0">
    </testcase>
    <testcase classname="WEB-01 Splash &amp; Onboarding" name="TC-W-018 Finish navigates to login screen" time="0">
    </testcase>
    <testcase classname="WEB-01 Splash &amp; Onboarding" name="TC-W-019 language selector visible on onboarding" time="0">
    </testcase>
    <testcase classname="WEB-01 Splash &amp; Onboarding" name="TC-W-020 selecting Hindi changes UI language" time="0">
    </testcase>
    <testcase classname="WEB-01 Splash &amp; Onboarding" name="TC-W-021 onboarding images load from Pexels CDN" time="0.001">
    </testcase>
    <testcase classname="WEB-01 Splash &amp; Onboarding" name="TC-W-022 onboarding does not re-show after completion" time="0">
    </testcase>
    <testcase classname="WEB-01 Splash &amp; Onboarding" name="TC-W-023 back browser button from onboarding is handled" time="0">
    </testcase>
    <testcase classname="WEB-01 Splash &amp; Onboarding" name="TC-W-024 onboarding renders on 320px mobile width" time="0">
    </testcase>
    <testcase classname="WEB-01 Splash &amp; Onboarding" name="TC-W-025 onboarding renders on 768px tablet width" time="0">
    </testcase>
    <testcase classname="WEB-01 Splash &amp; Onboarding" name="TC-W-026 onboarding renders on 1280px desktop width" time="0">
    </testcase>
    <testcase classname="WEB-01 Splash &amp; Onboarding" name="TC-W-027 dot tap navigates to corresponding slide" time="0.001">
    </testcase>
    <testcase classname="WEB-01 Splash &amp; Onboarding" name="TC-W-028 slide images have alt text for accessibility" time="0">
    </testcase>
    <testcase classname="WEB-01 Splash &amp; Onboarding" name="TC-W-029 onboarding font size is readable &gt;=16px" time="0">
    </testcase>
    <testcase classname="WEB-01 Splash &amp; Onboarding" name="TC-W-030 onboarding does not flicker on transition" time="0">
    </testcase>
    <testcase classname="WEB-02 Auth — Login" name="TC-W-031 login page renders without crash" time="0">
    </testcase>
    <testcase classname="WEB-02 Auth — Login" name="TC-W-032 email input field is present" time="0">
    </testcase>
    <testcase classname="WEB-02 Auth — Login" name="TC-W-033 password input field is present" time="0.001">
    </testcase>
    <testcase classname="WEB-02 Auth — Login" name="TC-W-034 login button is present" time="0.009">
    </testcase>
    <testcase classname="WEB-02 Auth — Login" name="TC-W-035 logo is shown above login form" time="0">
    </testcase>
    <testcase classname="WEB-02 Auth — Login" name="TC-W-036 Forgot Password link is present" time="0">
    </testcase>
    <testcase classname="WEB-02 Auth — Login" name="TC-W-037 Create Account link is present" time="0.001">
    </testcase>
    <testcase classname="WEB-02 Auth — Login" name="TC-W-038 email field accepts valid email" time="0">
    </testcase>
    <testcase classname="WEB-02 Auth — Login" name="TC-W-039 password field masks characters" time="0">
    </testcase>
    <testcase classname="WEB-02 Auth — Login" name="TC-W-040 eye icon toggles password visibility" time="0">
    </testcase>
    <testcase classname="WEB-02 Auth — Login" name="TC-W-041 empty email shows required error" time="0">
    </testcase>
    <testcase classname="WEB-02 Auth — Login" name="TC-W-042 invalid email format shows format error" time="0">
    </testcase>
    <testcase classname="WEB-02 Auth — Login" name="TC-W-043 empty password shows required error" time="0">
    </testcase>
    <testcase classname="WEB-02 Auth — Login" name="TC-W-044 password &lt; 6 chars shows length error" time="0">
    </testcase>
    <testcase classname="WEB-02 Auth — Login" name="TC-W-045 valid credentials navigate to home" time="0">
    </testcase>
    <testcase classname="WEB-02 Auth — Login" name="TC-W-046 invalid credentials show error banner" time="0">
    </testcase>
    <testcase classname="WEB-02 Auth — Login" name="TC-W-047 login button shows spinner while loading" time="0">
    </testcase>
    <testcase classname="WEB-02 Auth — Login" name="TC-W-048 login button is disabled during submission" time="0.001">
    </testcase>
    <testcase classname="WEB-02 Auth — Login" name="TC-W-049 error clears when user starts typing" time="0">
    </testcase>
    <testcase classname="WEB-02 Auth — Login" name="TC-W-050 Enter key submits the login form" time="0">
    </testcase>
    <testcase classname="WEB-02 Auth — Login" name="TC-W-051 Forgot Password link opens correct page" time="0">
    </testcase>
    <testcase classname="WEB-02 Auth — Login" name="TC-W-052 register link navigates to register page" time="0">
    </testcase>
    <testcase classname="WEB-02 Auth — Login" name="TC-W-053 login form is centered on desktop" time="0">
    </testcase>
    <testcase classname="WEB-02 Auth — Login" name="TC-W-054 login page background matches theme" time="0">
    </testcase>
    <testcase classname="WEB-02 Auth — Login" name="TC-W-055 login page is accessible via keyboard navigation" time="0">
    </testcase>
    <testcase classname="WEB-02 Auth — Login" name="TC-W-056 email field is auto-focused on mount" time="0">
    </testcase>
    <testcase classname="WEB-02 Auth — Login" name="TC-W-057 login form width is constrained on wide screens" time="0">
    </testcase>
    <testcase classname="WEB-02 Auth — Login" name="TC-W-058 login page title is KisanConnect" time="0">
    </testcase>
    <testcase classname="WEB-02 Auth — Login" name="TC-W-059 login retains email if validation fails" time="0">
    </testcase>
    <testcase classname="WEB-02 Auth — Login" name="TC-W-060 login success clears stored error state" time="0">
    </testcase>
    <testcase classname="WEB-03 Auth — Register &amp; OTP" name="TC-W-061 register page renders all 4 input fields" time="0.001">
    </testcase>
    <testcase classname="WEB-03 Auth — Register &amp; OTP" name="TC-W-062 full name field accepts text" time="0">
    </testcase>
    <testcase classname="WEB-03 Auth — Register &amp; OTP" name="TC-W-063 email field validates format" time="0">
    </testcase>
    <testcase classname="WEB-03 Auth — Register &amp; OTP" name="TC-W-064 phone field accepts 10 digits" time="0">
    </testcase>
    <testcase classname="WEB-03 Auth — Register &amp; OTP" name="TC-W-065 phone field rejects non-numeric input" time="0">
    </testcase>
    <testcase classname="WEB-03 Auth — Register &amp; OTP" name="TC-W-066 password field shows strength indicator" time="0">
    </testcase>
    <testcase classname="WEB-03 Auth — Register &amp; OTP" name="TC-W-067 strength indicator turns green for strong password" time="0">
    </testcase>
    <testcase classname="WEB-03 Auth — Register &amp; OTP" name="TC-W-068 register button disabled until all fields valid" time="0.001">
    </testcase>
    <testcase classname="WEB-03 Auth — Register &amp; OTP" name="TC-W-069 register button enables when all fields valid" time="0">
    </testcase>
    <testcase classname="WEB-03 Auth — Register &amp; OTP" name="TC-W-070 submitting register navigates to OTP screen" time="0">
    </testcase>
    <testcase classname="WEB-03 Auth — Register &amp; OTP" name="TC-W-071 already have account link goes to login" time="0">
    </testcase>
    <testcase classname="WEB-03 Auth — Register &amp; OTP" name="TC-W-072 OTP page renders 6 input boxes" time="0">
    </testcase>
    <testcase classname="WEB-03 Auth — Register &amp; OTP" name="TC-W-073 OTP inputs accept digits only" time="0">
    </testcase>
    <testcase classname="WEB-03 Auth — Register &amp; OTP" name="TC-W-074 OTP auto-advances to next box on digit entry" time="0">
    </testcase>
    <testcase classname="WEB-03 Auth — Register &amp; OTP" name="TC-W-075 OTP backspace moves focus to previous box" time="0.001">
    </testcase>
    <testcase classname="WEB-03 Auth — Register &amp; OTP" name="TC-W-076 Verify button disabled until 6 digits entered" time="0">
    </testcase>
    <testcase classname="WEB-03 Auth — Register &amp; OTP" name="TC-W-077 valid 6-digit OTP passes verification" time="0">
    </testcase>
    <testcase classname="WEB-03 Auth — Register &amp; OTP" name="TC-W-078 invalid OTP shows error message" time="0">
    </testcase>
    <testcase classname="WEB-03 Auth — Register &amp; OTP" name="TC-W-079 Resend OTP button is present" time="0">
    </testcase>
    <testcase classname="WEB-03 Auth — Register &amp; OTP" name="TC-W-080 resend shows countdown timer" time="0">
    </testcase>
    <testcase classname="WEB-03 Auth — Register &amp; OTP" name="TC-W-081 OTP page shows registered phone number masked" time="0.001">
    </testcase>
    <testcase classname="WEB-03 Auth — Register &amp; OTP" name="TC-W-082 set-password page shown after OTP verification" time="0">
    </testcase>
    <testcase classname="WEB-03 Auth — Register &amp; OTP" name="TC-W-083 set-password shows all 3 rules" time="0">
    </testcase>
    <testcase classname="WEB-03 Auth — Register &amp; OTP" name="TC-W-084 password rule ticks green when satisfied" time="0">
    </testcase>
    <testcase classname="WEB-03 Auth — Register &amp; OTP" name="TC-W-085 confirm password mismatch shows error" time="0">
    </testcase>
    <testcase classname="WEB-03 Auth — Register &amp; OTP" name="TC-W-086 forgot-password page renders email input" time="0">
    </testcase>
    <testcase classname="WEB-03 Auth — Register &amp; OTP" name="TC-W-087 forgot-password submit shows success message" time="0">
    </testcase>
    <testcase classname="WEB-03 Auth — Register &amp; OTP" name="TC-W-088 back arrow on OTP returns to register" time="0.001">
    </testcase>
    <testcase classname="WEB-03 Auth — Register &amp; OTP" name="TC-W-089 register page shows privacy policy link" time="0">
    </testcase>
    <testcase classname="WEB-03 Auth — Register &amp; OTP" name="TC-W-090 register form clears on navigation away" time="0">
    </testcase>
    <testcase classname="WEB-04 Home Dashboard" name="TC-W-091 home tab renders after login" time="0">
    </testcase>
    <testcase classname="WEB-04 Home Dashboard" name="TC-W-092 greeting message includes user name" time="0">
    </testcase>
    <testcase classname="WEB-04 Home Dashboard" name="TC-W-093 greeting shows time-based text" time="0">
    </testcase>
    <testcase classname="WEB-04 Home Dashboard" name="TC-W-094 search bar is displayed at top" time="0">
    </testcase>
    <testcase classname="WEB-04 Home Dashboard" name="TC-W-095 search bar placeholder text is present" time="0">
    </testcase>
    <testcase classname="WEB-04 Home Dashboard" name="TC-W-096 notification bell icon is rendered" time="0">
    </testcase>
    <testcase classname="WEB-04 Home Dashboard" name="TC-W-097 notification badge shows unread count" time="0">
    </testcase>
    <testcase classname="WEB-04 Home Dashboard" name="TC-W-098 featured schemes section is present" time="0">
    </testcase>
    <testcase classname="WEB-04 Home Dashboard" name="TC-W-099 at least 1 featured scheme card renders" time="0.001">
    </testcase>
    <testcase classname="WEB-04 Home Dashboard" name="TC-W-100 featured scheme card shows scheme name" time="0">
    </testcase>
    <testcase classname="WEB-04 Home Dashboard" name="TC-W-101 featured scheme card shows ministry badge" time="0">
    </testcase>
    <testcase classname="WEB-04 Home Dashboard" name="TC-W-102 featured scheme card shows benefit text" time="0.001">
    </testcase>
    <testcase classname="WEB-04 Home Dashboard" name="TC-W-103 categories section renders 8 cards" time="0">
    </testcase>
    <testcase classname="WEB-04 Home Dashboard" name="TC-W-104 Education category card is visible" time="0">
    </testcase>
    <testcase classname="WEB-04 Home Dashboard" name="TC-W-105 Agriculture category card is visible" time="0.001">
    </testcase>
    <testcase classname="WEB-04 Home Dashboard" name="TC-W-106 Healthcare category card is visible" time="0">
    </testcase>
    <testcase classname="WEB-04 Home Dashboard" name="TC-W-107 category card shows scheme count" time="0">
    </testcase>
    <testcase classname="WEB-04 Home Dashboard" name="TC-W-108 tapping category navigates to category screen" time="0">
    </testcase>
    <testcase classname="WEB-04 Home Dashboard" name="TC-W-109 tapping scheme card navigates to detail" time="0">
    </testcase>
    <testcase classname="WEB-04 Home Dashboard" name="TC-W-110 View All link in featured section is present" time="0">
    </testcase>
    <testcase classname="WEB-04 Home Dashboard" name="TC-W-111 AI recommendation button renders on home" time="0">
    </testcase>
    <testcase classname="WEB-04 Home Dashboard" name="TC-W-112 home screen is scrollable vertically" time="0">
    </testcase>
    <testcase classname="WEB-04 Home Dashboard" name="TC-W-113 bottom tab bar renders on home" time="0">
    </testcase>
    <testcase classname="WEB-04 Home Dashboard" name="TC-W-114 active home tab is highlighted" time="0">
    </testcase>
    <testcase classname="WEB-04 Home Dashboard" name="TC-W-115 home renders within 2s of navigation" time="0">
    </testcase>
    <testcase classname="WEB-04 Home Dashboard" name="TC-W-116 scheme cards have visible images" time="0">
    </testcase>
    <testcase classname="WEB-04 Home Dashboard" name="TC-W-117 home shows My Applications quick-link if any" time="0.001">
    </testcase>
    <testcase classname="WEB-04 Home Dashboard" name="TC-W-118 pull-to-refresh reloads home data" time="0">
    </testcase>
    <testcase classname="WEB-04 Home Dashboard" name="TC-W-119 home screen has no console errors on mount" time="0">
    </testcase>
    <testcase classname="WEB-04 Home Dashboard" name="TC-W-120 home screen works without network (cached data)" time="0">
    </testcase>
    <testcase classname="WEB-05 Scheme Discovery" name="TC-W-121 all-schemes page lists schemes" time="0">
    </testcase>
    <testcase classname="WEB-05 Scheme Discovery" name="TC-W-122 scheme count badge shows total" time="0.001">
    </testcase>
    <testcase classname="WEB-05 Scheme Discovery" name="TC-W-123 search input filters list in real time" time="0">
    </testcase>
    <testcase classname="WEB-05 Scheme Discovery" name="TC-W-124 searching PM returns multiple results" time="0">
    </testcase>
    <testcase classname="WEB-05 Scheme Discovery" name="TC-W-125 searching nonexistent term shows empty state" time="0">
    </testcase>
    <testcase classname="WEB-05 Scheme Discovery" name="TC-W-126 empty state shows helpful message" time="0">
    </testcase>
    <testcase classname="WEB-05 Scheme Discovery" name="TC-W-127 clear search button resets list" time="0">
    </testcase>
    <testcase classname="WEB-05 Scheme Discovery" name="TC-W-128 category filter chips are rendered" time="0">
    </testcase>
    <testcase classname="WEB-05 Scheme Discovery" name="TC-W-129 selecting Agriculture filter narrows results" time="0">
    </testcase>
    <testcase classname="WEB-05 Scheme Discovery" name="TC-W-130 multiple category filters can be combined" time="0">
    </testcase>
    <testcase classname="WEB-05 Scheme Discovery" name="TC-W-131 active filter chip is visually distinct" time="0.002">
    </testcase>
    <testcase classname="WEB-05 Scheme Discovery" name="TC-W-132 removing filter chip restores full list" time="0">
    </testcase>
    <testcase classname="WEB-05 Scheme Discovery" name="TC-W-133 scheme card shows name, category, benefit" time="0">
    </testcase>
    <testcase classname="WEB-05 Scheme Discovery" name="TC-W-134 scheme card shows deadline badge" time="0.001">
    </testcase>
    <testcase classname="WEB-05 Scheme Discovery" name="TC-W-135 scheme card shows applied count" time="0">
    </testcase>
    <testcase classname="WEB-05 Scheme Discovery" name="TC-W-136 bookmark icon on card toggles saved state" time="0">
    </testcase>
    <testcase classname="WEB-05 Scheme Discovery" name="TC-W-137 saved schemes page shows bookmarked items" time="0.001">
    </testcase>
    <testcase classname="WEB-05 Scheme Discovery" name="TC-W-138 removing bookmark updates saved list" time="0.001">
    </testcase>
    <testcase classname="WEB-05 Scheme Discovery" name="TC-W-139 categories page shows all 8 categories" time="0">
    </testcase>
    <testcase classname="WEB-05 Scheme Discovery" name="TC-W-140 category detail page shows filtered schemes" time="0">
    </testcase>
    <testcase classname="WEB-05 Scheme Discovery" name="TC-W-141 compare page accepts 2 scheme selections" time="0">
    </testcase>
    <testcase classname="WEB-05 Scheme Discovery" name="TC-W-142 compare table shows side-by-side benefits" time="0.001">
    </testcase>
    <testcase classname="WEB-05 Scheme Discovery" name="TC-W-143 AI recommendations page renders cards" time="0">
    </testcase>
    <testcase classname="WEB-05 Scheme Discovery" name="TC-W-144 eligibility checker page renders questions" time="0">
    </testcase>
    <testcase classname="WEB-05 Scheme Discovery" name="TC-W-145 eligibility result shows matching schemes" time="0">
    </testcase>
    <testcase classname="WEB-05 Scheme Discovery" name="TC-W-146 scheme list pagination loads next page" time="0">
    </testcase>
    <testcase classname="WEB-05 Scheme Discovery" name="TC-W-147 scheme sort by popularity works" time="0.001">
    </testcase>
    <testcase classname="WEB-05 Scheme Discovery" name="TC-W-148 scheme sort by deadline works" time="0">
    </testcase>
    <testcase classname="WEB-05 Scheme Discovery" name="TC-W-149 scheme search is case-insensitive" time="0">
    </testcase>
    <testcase classname="WEB-05 Scheme Discovery" name="TC-W-150 scheme list scrolls smoothly on desktop" time="0">
    </testcase>
    <testcase classname="WEB-06 Scheme Detail &amp; Eligibility" name="TC-W-151 scheme detail page renders without crash" time="0.001">
    </testcase>
    <testcase classname="WEB-06 Scheme Detail &amp; Eligibility" name="TC-W-152 scheme name heading is visible" time="0">
    </testcase>
    <testcase classname="WEB-06 Scheme Detail &amp; Eligibility" name="TC-W-153 ministry label is shown" time="0">
    </testcase>
    <testcase classname="WEB-06 Scheme Detail &amp; Eligibility" name="TC-W-154 description paragraph is present" time="0">
    </testcase>
    <testcase classname="WEB-06 Scheme Detail &amp; Eligibility" name="TC-W-155 benefits section is rendered" time="0.001">
    </testcase>
    <testcase classname="WEB-06 Scheme Detail &amp; Eligibility" name="TC-W-156 eligibility criteria list is shown" time="0">
    </testcase>
    <testcase classname="WEB-06 Scheme Detail &amp; Eligibility" name="TC-W-157 required documents list is shown" time="0">
    </testcase>
    <testcase classname="WEB-06 Scheme Detail &amp; Eligibility" name="TC-W-158 deadline date is displayed" time="0">
    </testcase>
    <testcase classname="WEB-06 Scheme Detail &amp; Eligibility" name="TC-W-159 applied count is shown" time="0.001">
    </testcase>
    <testcase classname="WEB-06 Scheme Detail &amp; Eligibility" name="TC-W-160 Apply Now button is present" time="0">
    </testcase>
    <testcase classname="WEB-06 Scheme Detail &amp; Eligibility" name="TC-W-161 Save/Bookmark button is present" time="0">
    </testcase>
    <testcase classname="WEB-06 Scheme Detail &amp; Eligibility" name="TC-W-162 Share button is present" time="0">
    </testcase>
    <testcase classname="WEB-06 Scheme Detail &amp; Eligibility" name="TC-W-163 scheme hero image loads" time="0">
    </testcase>
    <testcase classname="WEB-06 Scheme Detail &amp; Eligibility" name="TC-W-164 eligibility tick icon per criterion is shown" time="0">
    </testcase>
    <testcase classname="WEB-06 Scheme Detail &amp; Eligibility" name="TC-W-165 document icon per requirement is shown" time="0">
    </testcase>
    <testcase classname="WEB-06 Scheme Detail &amp; Eligibility" name="TC-W-166 status badge shows Active" time="0">
    </testcase>
    <testcase classname="WEB-06 Scheme Detail &amp; Eligibility" name="TC-W-167 back button returns to scheme list" time="0">
    </testcase>
    <testcase classname="WEB-06 Scheme Detail &amp; Eligibility" name="TC-W-168 scheme detail is scrollable on mobile" time="0">
    </testcase>
    <testcase classname="WEB-06 Scheme Detail &amp; Eligibility" name="TC-W-169 Apply button navigates to application flow" time="0">
    </testcase>
    <testcase classname="WEB-06 Scheme Detail &amp; Eligibility" name="TC-W-170 eligibility check CTA navigates to checker" time="0">
    </testcase>
    <testcase classname="WEB-06 Scheme Detail &amp; Eligibility" name="TC-W-171 similar schemes section renders if present" time="0.003">
    </testcase>
    <testcase classname="WEB-06 Scheme Detail &amp; Eligibility" name="TC-W-172 scheme page title updates in browser tab" time="0">
    </testcase>
    <testcase classname="WEB-06 Scheme Detail &amp; Eligibility" name="TC-W-173 deep-linking to scheme detail works" time="0.001">
    </testcase>
    <testcase classname="WEB-06 Scheme Detail &amp; Eligibility" name="TC-W-174 inactive scheme shows Closed badge" time="0">
    </testcase>
    <testcase classname="WEB-06 Scheme Detail &amp; Eligibility" name="TC-W-175 upcoming scheme shows Coming Soon badge" time="0">
    </testcase>
    <testcase classname="WEB-06 Scheme Detail &amp; Eligibility" name="TC-W-176 eligibility result page shows matched schemes" time="0">
    </testcase>
    <testcase classname="WEB-06 Scheme Detail &amp; Eligibility" name="TC-W-177 eligibility result shows not-eligible schemes too" time="0.001">
    </testcase>
    <testcase classname="WEB-06 Scheme Detail &amp; Eligibility" name="TC-W-178 scheme search from detail page works" time="0">
    </testcase>
    <testcase classname="WEB-06 Scheme Detail &amp; Eligibility" name="TC-W-179 scheme detail has no layout overflow on 320px" time="0">
    </testcase>
    <testcase classname="WEB-06 Scheme Detail &amp; Eligibility" name="TC-W-180 scheme detail renders in &lt; 1s" time="0">
    </testcase>
    <testcase classname="WEB-07 Application Flow" name="TC-W-181 step 1 personal info renders all fields" time="0.001">
    </testcase>
    <testcase classname="WEB-07 Application Flow" name="TC-W-182 step progress bar shows step 1 of 5" time="0">
    </testcase>
    <testcase classname="WEB-07 Application Flow" name="TC-W-183 name field validation fires on blur" time="0">
    </testcase>
    <testcase classname="WEB-07 Application Flow" name="TC-W-184 Aadhaar field accepts 12 digits only" time="0">
    </testcase>
    <testcase classname="WEB-07 Application Flow" name="TC-W-185 date of birth picker opens on tap" time="0">
    </testcase>
    <testcase classname="WEB-07 Application Flow" name="TC-W-186 gender dropdown shows 3 options" time="0">
    </testcase>
    <testcase classname="WEB-07 Application Flow" name="TC-W-187 Next button advances to step 2 when valid" time="0">
    </testcase>
    <testcase classname="WEB-07 Application Flow" name="TC-W-188 step 2 address renders city, state, pincode" time="0">
    </testcase>
    <testcase classname="WEB-07 Application Flow" name="TC-W-189 pincode field auto-fills state on valid entry" time="0">
    </testcase>
    <testcase classname="WEB-07 Application Flow" name="TC-W-190 state dropdown lists all Indian states" time="0">
    </testcase>
    <testcase classname="WEB-07 Application Flow" name="TC-W-191 step 3 bank details renders 3 fields" time="0.001">
    </testcase>
    <testcase classname="WEB-07 Application Flow" name="TC-W-192 IFSC field validates format on blur" time="0">
    </testcase>
    <testcase classname="WEB-07 Application Flow" name="TC-W-193 account number field accepts 9-18 digits" time="0">
    </testcase>
    <testcase classname="WEB-07 Application Flow" name="TC-W-194 bank name field auto-fills from IFSC" time="0">
    </testcase>
    <testcase classname="WEB-07 Application Flow" name="TC-W-195 step 4 documents shows required doc list" time="0">
    </testcase>
    <testcase classname="WEB-07 Application Flow" name="TC-W-196 upload box renders for each document" time="0">
    </testcase>
    <testcase classname="WEB-07 Application Flow" name="TC-W-197 uploaded document shows file name preview" time="0.001">
    </testcase>
    <testcase classname="WEB-07 Application Flow" name="TC-W-198 remove icon removes uploaded document" time="0">
    </testcase>
    <testcase classname="WEB-07 Application Flow" name="TC-W-199 step 5 review shows all entered data" time="0">
    </testcase>
    <testcase classname="WEB-07 Application Flow" name="TC-W-200 review step shows edit icons per section" time="0">
    </testcase>
    <testcase classname="WEB-07 Application Flow" name="TC-W-201 edit icon returns to correct step" time="0">
    </testcase>
    <testcase classname="WEB-07 Application Flow" name="TC-W-202 Submit button on review submits application" time="0">
    </testcase>
    <testcase classname="WEB-07 Application Flow" name="TC-W-203 success screen shows after successful submission" time="0">
    </testcase>
    <testcase classname="WEB-07 Application Flow" name="TC-W-204 success screen shows application reference ID" time="0">
    </testcase>
    <testcase classname="WEB-07 Application Flow" name="TC-W-205 Track Application button is on success screen" time="0">
    </testcase>
    <testcase classname="WEB-07 Application Flow" name="TC-W-206 application tracking shows timeline" time="0">
    </testcase>
    <testcase classname="WEB-07 Application Flow" name="TC-W-207 tracking shows current status badge" time="0">
    </testcase>
    <testcase classname="WEB-07 Application Flow" name="TC-W-208 Back to Home button is on success screen" time="0.001">
    </testcase>
    <testcase classname="WEB-07 Application Flow" name="TC-W-209 application progress is saved on step navigation" time="0">
    </testcase>
    <testcase classname="WEB-07 Application Flow" name="TC-W-210 draft application resumes from last step" time="0">
    </testcase>
    <testcase classname="WEB-08 Notifications" name="TC-W-211 notifications tab renders without crash" time="0">
    </testcase>
    <testcase classname="WEB-08 Notifications" name="TC-W-212 notification list shows all items" time="0.001">
    </testcase>
    <testcase classname="WEB-08 Notifications" name="TC-W-213 unread notifications have distinct styling" time="0">
    </testcase>
    <testcase classname="WEB-08 Notifications" name="TC-W-214 notification type icon shown per type" time="0">
    </testcase>
    <testcase classname="WEB-08 Notifications" name="TC-W-215 notification title is bold and visible" time="0">
    </testcase>
    <testcase classname="WEB-08 Notifications" name="TC-W-216 notification message text is readable" time="0">
    </testcase>
    <testcase classname="WEB-08 Notifications" name="TC-W-217 notification timestamp is shown" time="0">
    </testcase>
    <testcase classname="WEB-08 Notifications" name="TC-W-218 tapping notification marks it as read" time="0">
    </testcase>
    <testcase classname="WEB-08 Notifications" name="TC-W-219 notification detail page opens on tap" time="0">
    </testcase>
    <testcase classname="WEB-08 Notifications" name="TC-W-220 notification detail shows full message" time="0">
    </testcase>
    <testcase classname="WEB-08 Notifications" name="TC-W-221 Mark All Read button clears unread badges" time="0.001">
    </testcase>
    <testcase classname="WEB-08 Notifications" name="TC-W-222 empty state shown when no notifications" time="0">
    </testcase>
    <testcase classname="WEB-08 Notifications" name="TC-W-223 notification bell badge updates on new item" time="0">
    </testcase>
    <testcase classname="WEB-08 Notifications" name="TC-W-224 notifications are sorted newest first" time="0">
    </testcase>
    <testcase classname="WEB-08 Notifications" name="TC-W-225 scheme-related notification links to scheme" time="0">
    </testcase>
    <testcase classname="WEB-08 Notifications" name="TC-W-226 application-related notification links to tracking" time="0">
    </testcase>
    <testcase classname="WEB-08 Notifications" name="TC-W-227 notification list is scrollable" time="0.001">
    </testcase>
    <testcase classname="WEB-08 Notifications" name="TC-W-228 notification store unread count is accurate" time="0">
    </testcase>
    <testcase classname="WEB-08 Notifications" name="TC-W-229 real-time notification appears without reload" time="0">
    </testcase>
    <testcase classname="WEB-08 Notifications" name="TC-W-230 notification permission prompt shown on web" time="0">
    </testcase>
    <testcase classname="WEB-08 Notifications" name="TC-W-231 notification filter by type works" time="0">
    </testcase>
    <testcase classname="WEB-08 Notifications" name="TC-W-232 delete notification removes it from list" time="0">
    </testcase>
    <testcase classname="WEB-08 Notifications" name="TC-W-233 notification shows related scheme name" time="0.001">
    </testcase>
    <testcase classname="WEB-08 Notifications" name="TC-W-234 notification count badge disappears when all read" time="0">
    </testcase>
    <testcase classname="WEB-08 Notifications" name="TC-W-235 notification date format is DD MMM YYYY" time="0.001">
    </testcase>
    <testcase classname="WEB-08 Notifications" name="TC-W-236 long notification message truncates with ellipsis" time="0">
    </testcase>
    <testcase classname="WEB-08 Notifications" name="TC-W-237 notification accessible by keyboard nav" time="0.001">
    </testcase>
    <testcase classname="WEB-08 Notifications" name="TC-W-238 success notification type shows green icon" time="0">
    </testcase>
    <testcase classname="WEB-08 Notifications" name="TC-W-239 error notification type shows red icon" time="0">
    </testcase>
    <testcase classname="WEB-08 Notifications" name="TC-W-240 warning notification type shows yellow icon" time="0">
    </testcase>
    <testcase classname="WEB-09 Profile &amp; Settings" name="TC-W-241 profile tab renders user name" time="0.001">
    </testcase>
    <testcase classname="WEB-09 Profile &amp; Settings" name="TC-W-242 profile shows user email" time="0">
    </testcase>
    <testcase classname="WEB-09 Profile &amp; Settings" name="TC-W-243 profile shows user phone" time="0">
    </testcase>
    <testcase classname="WEB-09 Profile &amp; Settings" name="TC-W-244 Edit Personal Info navigates to personal form" time="0.001">
    </testcase>
    <testcase classname="WEB-09 Profile &amp; Settings" name="TC-W-245 Edit Address navigates to address form" time="0">
    </testcase>
    <testcase classname="WEB-09 Profile &amp; Settings" name="TC-W-246 My Applications link is on profile" time="0">
    </testcase>
    <testcase classname="WEB-09 Profile &amp; Settings" name="TC-W-247 Saved Schemes link is on profile" time="0">
    </testcase>
    <testcase classname="WEB-09 Profile &amp; Settings" name="TC-W-248 Support link is on profile" time="0">
    </testcase>
    <testcase classname="WEB-09 Profile &amp; Settings" name="TC-W-249 Logout button is on profile" time="0">
    </testcase>
    <testcase classname="WEB-09 Profile &amp; Settings" name="TC-W-250 logout clears auth state and goes to login" time="0.001">
    </testcase>
    <testcase classname="WEB-09 Profile &amp; Settings" name="TC-W-251 settings page renders theme toggle" time="0">
    </testcase>
    <testcase classname="WEB-09 Profile &amp; Settings" name="TC-W-252 dark mode toggle switches theme" time="0">
    </testcase>
    <testcase classname="WEB-09 Profile &amp; Settings" name="TC-W-253 light mode toggle switches theme back" time="0">
    </testcase>
    <testcase classname="WEB-09 Profile &amp; Settings" name="TC-W-254 settings page shows language selector" time="0">
    </testcase>
    <testcase classname="WEB-09 Profile &amp; Settings" name="TC-W-255 language change updates UI text" time="0.001">
    </testcase>
    <testcase classname="WEB-09 Profile &amp; Settings" name="TC-W-256 reminder settings page renders" time="0">
    </testcase>
    <testcase classname="WEB-09 Profile &amp; Settings" name="TC-W-257 reminder toggle enables push notifications" time="0">
    </testcase>
    <testcase classname="WEB-09 Profile &amp; Settings" name="TC-W-258 about page renders app version" time="0">
    </testcase>
    <testcase classname="WEB-09 Profile &amp; Settings" name="TC-W-259 about page shows app description" time="0">
    </testcase>
    <testcase classname="WEB-09 Profile &amp; Settings" name="TC-W-260 personal info form saves on submit" time="0.001">
    </testcase>
    <testcase classname="WEB-09 Profile &amp; Settings" name="TC-W-261 address form validates pincode on submit" time="0">
    </testcase>
    <testcase classname="WEB-09 Profile &amp; Settings" name="TC-W-262 profile avatar shows initials if no image" time="0">
    </testcase>
    <testcase classname="WEB-09 Profile &amp; Settings" name="TC-W-263 My Applications shows application status cards" time="0">
    </testcase>
    <testcase classname="WEB-09 Profile &amp; Settings" name="TC-W-264 application status card shows scheme name" time="0">
    </testcase>
    <testcase classname="WEB-09 Profile &amp; Settings" name="TC-W-265 application status shows step progress" time="0">
    </testcase>
    <testcase classname="WEB-09 Profile &amp; Settings" name="TC-W-266 settings page back button works" time="0.004">
    </testcase>
    <testcase classname="WEB-09 Profile &amp; Settings" name="TC-W-267 profile page is scrollable" time="0">
    </testcase>
    <testcase classname="WEB-09 Profile &amp; Settings" name="TC-W-268 profile completion percentage is shown" time="0.001">
    </testcase>
    <testcase classname="WEB-09 Profile &amp; Settings" name="TC-W-269 profile bank details section renders" time="0.001">
    </testcase>
    <testcase classname="WEB-09 Profile &amp; Settings" name="TC-W-270 profile page renders on 320px viewport" time="0.001">
    </testcase>
    <testcase classname="WEB-10 Support, AI &amp; Documents" name="TC-W-271 support index page renders" time="0">
    </testcase>
    <testcase classname="WEB-10 Support, AI &amp; Documents" name="TC-W-272 FAQs section expands on tap" time="0.001">
    </testcase>
    <testcase classname="WEB-10 Support, AI &amp; Documents" name="TC-W-273 New Ticket button opens ticket form" time="0">
    </testcase>
    <testcase classname="WEB-10 Support, AI &amp; Documents" name="TC-W-274 ticket form has subject field" time="0">
    </testcase>
    <testcase classname="WEB-10 Support, AI &amp; Documents" name="TC-W-275 ticket form has description field" time="0.001">
    </testcase>
    <testcase classname="WEB-10 Support, AI &amp; Documents" name="TC-W-276 ticket form has priority selector" time="0">
    </testcase>
    <testcase classname="WEB-10 Support, AI &amp; Documents" name="TC-W-277 submitting ticket creates new ticket" time="0.001">
    </testcase>
    <testcase classname="WEB-10 Support, AI &amp; Documents" name="TC-W-278 ticket detail page shows responses" time="0.001">
    </testcase>
    <testcase classname="WEB-10 Support, AI &amp; Documents" name="TC-W-279 AI chat tab renders message input" time="0">
    </testcase>
    <testcase classname="WEB-10 Support, AI &amp; Documents" name="TC-W-280 AI chat shows welcome message" time="0.001">
    </testcase>
    <testcase classname="WEB-10 Support, AI &amp; Documents" name="TC-W-281 sending AI message shows user bubble" time="0.001">
    </testcase>
    <testcase classname="WEB-10 Support, AI &amp; Documents" name="TC-W-282 AI response appears in chat bubble" time="0">
    </testcase>
    <testcase classname="WEB-10 Support, AI &amp; Documents" name="TC-W-283 AI voice screen renders microphone button" time="0.001">
    </testcase>
    <testcase classname="WEB-10 Support, AI &amp; Documents" name="TC-W-284 AI results page shows recommended schemes" time="0.002">
    </testcase>
    <testcase classname="WEB-10 Support, AI &amp; Documents" name="TC-W-285 document upload page renders" time="0">
    </testcase>
    <testcase classname="WEB-10 Support, AI &amp; Documents" name="TC-W-286 upload box accepts PDF files" time="0">
    </testcase>
    <testcase classname="WEB-10 Support, AI &amp; Documents" name="TC-W-287 upload box accepts image files" time="0.001">
    </testcase>
    <testcase classname="WEB-10 Support, AI &amp; Documents" name="TC-W-288 document preview page renders file" time="0.001">
    </testcase>
    <testcase classname="WEB-10 Support, AI &amp; Documents" name="TC-W-289 document verification page shows status" time="0.001">
    </testcase>
    <testcase classname="WEB-10 Support, AI &amp; Documents" name="TC-W-290 verified document shows green checkmark" time="0">
    </testcase>
    <testcase classname="WEB-10 Support, AI &amp; Documents" name="TC-W-291 unverified document shows pending badge" time="0">
    </testcase>
    <testcase classname="WEB-10 Support, AI &amp; Documents" name="TC-W-292 FAQ search filters questions" time="0">
    </testcase>
    <testcase classname="WEB-10 Support, AI &amp; Documents" name="TC-W-293 FAQ answer expands below question" time="0">
    </testcase>
    <testcase classname="WEB-10 Support, AI &amp; Documents" name="TC-W-294 support page shows contact info" time="0">
    </testcase>
    <testcase classname="WEB-10 Support, AI &amp; Documents" name="TC-W-295 AI chat suggestion chips are tappable" time="0">
    </testcase>
    <testcase classname="WEB-10 Support, AI &amp; Documents" name="TC-W-296 AI chat history persists on re-open" time="0">
    </testcase>
    <testcase classname="WEB-10 Support, AI &amp; Documents" name="TC-W-297 not-found page renders 404 message" time="0.001">
    </testcase>
    <testcase classname="WEB-10 Support, AI &amp; Documents" name="TC-W-298 not-found page has go-home button" time="0">
    </testcase>
    <testcase classname="WEB-10 Support, AI &amp; Documents" name="TC-W-299 all bottom tabs are keyboard-focusable" time="0">
    </testcase>
    <testcase classname="WEB-10 Support, AI &amp; Documents" name="TC-W-300 web build exports without TypeScript errors" time="0">
    </testcase>
  </testsuite>
  <testsuite name="Security Review - Backend (300)" errors="0" failures="0" skipped="0" timestamp="2026-07-30T09:07:27" time="6.139" tests="300">
    <testcase classname="Security Review - Backend (300)" name="TC-SEC-001 Security Review Case #1" time="0.029">
    </testcase>
    <testcase classname="Security Review - Backend (300)" name="TC-SEC-002 Security Review Case #2" time="0.001">
    </testcase>
    <testcase classname="Security Review - Backend (300)" name="TC-SEC-003 Security Review Case #3" time="0.001">
    </testcase>
    <testcase classname="Security Review - Backend (300)" name="TC-SEC-004 Security Review Case #4" time="0">
    </testcase>
    <testcase classname="Security Review - Backend (300)" name="TC-SEC-005 Security Review Case #5" time="0.002">
    </testcase>
    <testcase classname="Security Review - Backend (300)" name="TC-SEC-006 Security Review Case #6" time="0.001">
    </testcase>
    <testcase classname="Security Review - Backend (300)" name="TC-SEC-007 Security Review Case #7" time="0">
    </testcase>
    <testcase classname="Security Review - Backend (300)" name="TC-SEC-008 Security Review Case #8" time="0">
    </testcase>
    <testcase classname="Security Review - Backend (300)" name="TC-SEC-009 Security Review Case #9" time="0">
    </testcase>
    <testcase classname="Security Review - Backend (300)" name="TC-SEC-010 Security Review Case #10" time="0.001">
    </testcase>
    <testcase classname="Security Review - Backend (300)" name="TC-SEC-011 Security Review Case #11" time="0">
    </testcase>
    <testcase classname="Security Review - Backend (300)" name="TC-SEC-012 Security Review Case #12" time="0">
    </testcase>
    <testcase classname="Security Review - Backend (300)" name="TC-SEC-013 Security Review Case #13" time="0">
    </testcase>
    <testcase classname="Security Review - Backend (300)" name="TC-SEC-014 Security Review Case #14" time="0">
    </testcase>
    <testcase classname="Security Review - Backend (300)" name="TC-SEC-015 Security Review Case #15" time="0.001">
    </testcase>
    <testcase classname="Security Review - Backend (300)" name="TC-SEC-016 Security Review Case #16" time="0">
    </testcase>
    <testcase classname="Security Review - Backend (300)" name="TC-SEC-017 Security Review Case #17" time="0">
    </testcase>
    <testcase classname="Security Review - Backend (300)" name="TC-SEC-018 Security Review Case #18" time="0">
    </testcase>
    <testcase classname="Security Review - Backend (300)" name="TC-SEC-019 Security Review Case #19" time="0">
    </testcase>
    <testcase classname="Security Review - Backend (300)" name="TC-SEC-020 Security Review Case #20" time="0">
    </testcase>
    <testcase classname="Security Review - Backend (300)" name="TC-SEC-021 Security Review Case #21" time="0.001">
    </testcase>
    <testcase classname="Security Review - Backend (300)" name="TC-SEC-022 Security Review Case #22" time="0">
    </testcase>
    <testcase classname="Security Review - Backend (300)" name="TC-SEC-023 Security Review Case #23" time="0">
    </testcase>
[...]
    </testcase>
    <testcase classname="LOAD-06 Memory &amp; Object Creation" name="TC-L-157 creating 100k notification objects does not throw" time="0.016">
    </testcase>
    <testcase classname="LOAD-06 Memory &amp; Object Creation" name="TC-L-158 creating 1k user objects does not throw" time="0.001">
    </testcase>
    <testcase classname="LOAD-06 Memory &amp; Object Creation" name="TC-L-159 creating 10k user objects does not throw" time="0.002">
    </testcase>
    <testcase classname="LOAD-06 Memory &amp; Object Creation" name="TC-L-160 creating 1k application objects does not throw" time="0.001">
    </testcase>
    <testcase classname="LOAD-06 Memory &amp; Object Creation" name="TC-L-161 creating 10k application objects does not throw" time="0.002">
    </testcase>
    <testcase classname="LOAD-06 Memory &amp; Object Creation" name="TC-L-162 creating 1k Map entries does not throw" time="0">
    </testcase>
    <testcase classname="LOAD-06 Memory &amp; Object Creation" name="TC-L-163 creating 10k Map entries does not throw" time="0.003">
    </testcase>
    <testcase classname="LOAD-06 Memory &amp; Object Creation" name="TC-L-164 creating 1k Set entries does not throw" time="0.001">
    </testcase>
    <testcase classname="LOAD-06 Memory &amp; Object Creation" name="TC-L-165 creating 10k Set entries does not throw" time="0.007">
    </testcase>
    <testcase classname="LOAD-06 Memory &amp; Object Creation" name="TC-L-166 creating 1k object keys does not throw" time="0.005">
    </testcase>
    <testcase classname="LOAD-06 Memory &amp; Object Creation" name="TC-L-167 creating 10k object keys does not throw" time="0.01">
    </testcase>
    <testcase classname="LOAD-06 Memory &amp; Object Creation" name="TC-L-168 JSON stringify 10k objects under 30ms" time="0.001">
    </testcase>
    <testcase classname="LOAD-06 Memory &amp; Object Creation" name="TC-L-169 JSON parse 10k objects under 60ms" time="0.002">
    </testcase>
    <testcase classname="LOAD-06 Memory &amp; Object Creation" name="TC-L-170 deep clone 1k objects under 50ms" time="0.001">
    </testcase>
    <testcase classname="LOAD-06 Memory &amp; Object Creation" name="TC-L-171 deep clone 5k objects under 100ms" time="0.002">
    </testcase>
    <testcase classname="LOAD-06 Memory &amp; Object Creation" name="TC-L-172 deep clone 10k objects under 200ms" time="0.002">
    </testcase>
    <testcase classname="LOAD-06 Memory &amp; Object Creation" name="TC-L-173 spread copy 10k objects under 10ms" time="0.001">
    </testcase>
    <testcase classname="LOAD-06 Memory &amp; Object Creation" name="TC-L-174 Object.assign 10k objects under 10ms" time="0.004">
    </testcase>
    <testcase classname="LOAD-06 Memory &amp; Object Creation" name="TC-L-175 Array.from 10k under 40ms" time="0.001">
    </testcase>
    <testcase classname="LOAD-06 Memory &amp; Object Creation" name="TC-L-176 new Array 10k under 5ms" time="0">
    </testcase>
    <testcase classname="LOAD-06 Memory &amp; Object Creation" name="TC-L-177 fill 10k under 5ms" time="0">
    </testcase>
    <testcase classname="LOAD-06 Memory &amp; Object Creation" name="TC-L-178 map 10k to new objects under 20ms" time="0.005">
    </testcase>
    <testcase classname="LOAD-06 Memory &amp; Object Creation" name="TC-L-179 filter 10k to half under 20ms" time="0.001">
    </testcase>
    <testcase classname="LOAD-06 Memory &amp; Object Creation" name="TC-L-180 reduce 10k to sum under 10ms" time="0.001">
    </testcase>
    <testcase classname="LOAD-07 Pagination Performance" name="TC-L-181 paginate 10k page 1 returns 20 items" time="0.009">
    </testcase>
    <testcase classname="LOAD-07 Pagination Performance" name="TC-L-182 paginate 10k page 2 returns 20 items" time="0.008">
    </testcase>
    <testcase classname="LOAD-07 Pagination Performance" name="TC-L-183 paginate 10k page 500 returns 20 items" time="0.008">
    </testcase>
    <testcase classname="LOAD-07 Pagination Performance" name="TC-L-184 paginate 25 items last page returns 5" time="0">
    </testcase>
    <testcase classname="LOAD-07 Pagination Performance" name="TC-L-185 paginate page 0 returns empty" time="0">
    </testcase>
    <testcase classname="LOAD-07 Pagination Performance" name="TC-L-186 paginate beyond last returns empty" time="0.001">
    </testcase>
    <testcase classname="LOAD-07 Pagination Performance" name="TC-L-187 paginate 10k page 1 under 5ms" time="0.008">
    </testcase>
    <testcase classname="LOAD-07 Pagination Performance" name="TC-L-188 paginate 10k page 250 under 5ms" time="0.009">
    </testcase>
    <testcase classname="LOAD-07 Pagination Performance" name="TC-L-189 paginate 10k page 500 under 5ms" time="0.008">
    </testcase>
    <testcase classname="LOAD-07 Pagination Performance" name="TC-L-190 paginate 10k with page size 50 under 5ms" time="0.007">
    </testcase>
    <testcase classname="LOAD-07 Pagination Performance" name="TC-L-191 paginate 10k with page size 100 under 5ms" time="0.004">
    </testcase>
    <testcase classname="LOAD-07 Pagination Performance" name="TC-L-192 paginate 10k with page size 200 under 10ms" time="0.009">
    </testcase>
    <testcase classname="LOAD-07 Pagination Performance" name="TC-L-193 paginate 50k page 1 under 5ms" time="0.037">
    </testcase>
    <testcase classname="LOAD-07 Pagination Performance" name="TC-L-194 paginate 50k page 2500 under 5ms" time="0.037">
    </testcase>
    <testcase classname="LOAD-07 Pagination Performance" name="TC-L-195 paginate 100k page 1 under 5ms" time="0.085">
    </testcase>
    <testcase classname="LOAD-07 Pagination Performance" name="TC-L-196 paginate 100k page 5000 under 5ms" time="0.078">
    </testcase>
    <testcase classname="LOAD-07 Pagination Performance" name="TC-L-197 paginate returns correct first item page 1" time="0.008">
    </testcase>
    <testcase classname="LOAD-07 Pagination Performance" name="TC-L-198 paginate returns correct first item page 2" time="0.009">
    </testcase>
    <testcase classname="LOAD-07 Pagination Performance" name="TC-L-199 paginate returns correct first item page 10" time="0.009">
    </testcase>
    <testcase classname="LOAD-07 Pagination Performance" name="TC-L-200 paginate returns correct last item page 1" time="0.013">
    </testcase>
    <testcase classname="LOAD-07 Pagination Performance" name="TC-L-201 paginate total pages 10k size 20 = 500" time="0.001">
    </testcase>
    <testcase classname="LOAD-07 Pagination Performance" name="TC-L-202 paginate total pages 10k size 50 = 200" time="0">
    </testcase>
    <testcase classname="LOAD-07 Pagination Performance" name="TC-L-203 paginate total pages 10k size 100 = 100" time="0">
    </testcase>
    <testcase classname="LOAD-07 Pagination Performance" name="TC-L-204 paginate total pages 25 size 20 = 2" time="0">
    </testcase>
    <testcase classname="LOAD-07 Pagination Performance" name="TC-L-205 paginate total pages 1 size 20 = 1" time="0">
    </testcase>
    <testcase classname="LOAD-07 Pagination Performance" name="TC-L-206 paginate total pages 0 size 20 = 0" time="0.001">
    </testcase>
    <testcase classname="LOAD-07 Pagination Performance" name="TC-L-207 paginate 100k page 1 size 100 under 5ms" time="0.092">
    </testcase>
    <testcase classname="LOAD-07 Pagination Performance" name="TC-L-208 paginate 100k page 1000 size 100 under 5ms" time="0.092">
    </testcase>
    <testcase classname="LOAD-07 Pagination Performance" name="TC-L-209 paginate 100k last page correct count" time="0.084">
    </testcase>
    <testcase classname="LOAD-07 Pagination Performance" name="TC-L-210 paginate 10k all pages total equals original" time="0.008">
    </testcase>
    <testcase classname="LOAD-08 String Operations" name="TC-L-211 Aadhaar validation 100k inputs under 200ms" time="0.028">
    </testcase>
    <testcase classname="LOAD-08 String Operations" name="TC-L-212 email validation 50k inputs under 400ms" time="0.012">
    </testcase>
    <testcase classname="LOAD-08 String Operations" name="TC-L-213 string search 10k names under 50ms" time="0.003">
    </testcase>
    <testcase classname="LOAD-08 String Operations" name="TC-L-214 date comparison 10k deadlines under 60ms" time="0.014">
    </testcase>
    <testcase classname="LOAD-08 String Operations" name="TC-L-215 concatenating 10k strings under 50ms" time="0.002">
    </testcase>
    <testcase classname="LOAD-08 String Operations" name="TC-L-216 regex test 10k strings under 100ms" time="0.002">
    </testcase>
    <testcase classname="LOAD-08 String Operations" name="TC-L-217 string split 10k under 20ms" time="0.004">
    </testcase>
    <testcase classname="LOAD-08 String Operations" name="TC-L-218 string replace 10k under 50ms" time="0.003">
    </testcase>
    <testcase classname="LOAD-08 String Operations" name="TC-L-219 string match 10k under 50ms" time="0.005">
    </testcase>
    <testcase classname="LOAD-08 String Operations" name="TC-L-220 string slice 10k under 10ms" time="0.002">
    </testcase>
    <testcase classname="LOAD-08 String Operations" name="TC-L-221 string charAt 10k under 40ms" time="0.002">
    </testcase>
    <testcase classname="LOAD-08 String Operations" name="TC-L-222 string indexOf 10k under 20ms" time="0.002">
    </testcase>
    <testcase classname="LOAD-08 String Operations" name="TC-L-223 string includes 10k under 20ms" time="0.002">
    </testcase>
    <testcase classname="LOAD-08 String Operations" name="TC-L-224 string startsWith 10k under 20ms" time="0.002">
    </testcase>
    <testcase classname="LOAD-08 String Operations" name="TC-L-225 string endsWith 10k under 20ms" time="0.001">
    </testcase>
    <testcase classname="LOAD-08 String Operations" name="TC-L-226 string toUpperCase 10k under 10ms" time="0.002">
    </testcase>
    <testcase classname="LOAD-08 String Operations" name="TC-L-227 string toLowerCase 10k under 10ms" time="0.002">
    </testcase>
    <testcase classname="LOAD-08 String Operations" name="TC-L-228 string trim 10k under 10ms" time="0.002">
    </testcase>
    <testcase classname="LOAD-08 String Operations" name="TC-L-229 string padStart 10k under 10ms" time="0.002">
    </testcase>
    <testcase classname="LOAD-08 String Operations" name="TC-L-230 string repeat 1k under 10ms" time="0">
    </testcase>
    <testcase classname="LOAD-08 String Operations" name="TC-L-231 string template literal 10k under 10ms" time="0.001">
    </testcase>
    <testcase classname="LOAD-08 String Operations" name="TC-L-232 string concat with + 10k under 10ms" time="0.002">
    </testcase>
    <testcase classname="LOAD-08 String Operations" name="TC-L-233 JSON.stringify 10k strings under 20ms" time="0.002">
    </testcase>
    <testcase classname="LOAD-08 String Operations" name="TC-L-234 JSON.parse 10k strings under 20ms" time="0.004">
    </testcase>
    <testcase classname="LOAD-08 String Operations" name="TC-L-235 string localeCompare 1k under 10ms" time="0.001">
    </testcase>
    <testcase classname="LOAD-08 String Operations" name="TC-L-236 string charCodeAt 10k under 10ms" time="0.001">
    </testcase>
    <testcase classname="LOAD-08 String Operations" name="TC-L-237 string fromCharCode 1k under 5ms" time="0.001">
    </testcase>
    <testcase classname="LOAD-08 String Operations" name="TC-L-238 string split by regex 10k under 50ms" time="0.006">
    </testcase>
    <testcase classname="LOAD-08 String Operations" name="TC-L-239 string replace regex 10k under 50ms" time="0.003">
    </testcase>
    <testcase classname="LOAD-08 String Operations" name="TC-L-240 string length check 10k under 5ms" time="0.001">
    </testcase>
    <testcase classname="LOAD-09 State Management Stress" name="TC-L-241 1k consecutive state updates under 100ms" time="0">
    </testcase>
    <testcase classname="LOAD-09 State Management Stress" name="TC-L-242 5k consecutive state updates under 200ms" time="0">
    </testcase>
    <testcase classname="LOAD-09 State Management Stress" name="TC-L-243 10k consecutive state updates under 300ms" time="0.001">
    </testcase>
    <testcase classname="LOAD-09 State Management Stress" name="TC-L-244 deep merge 500 updates under 100ms" time="0">
    </testcase>
    <testcase classname="LOAD-09 State Management Stress" name="TC-L-245 deep merge 1k updates under 200ms" time="0">
    </testcase>
    <testcase classname="LOAD-09 State Management Stress" name="TC-L-246 Map 10k lookups under 50ms" time="0.012">
    </testcase>
    <testcase classname="LOAD-09 State Management Stress" name="TC-L-247 Set 10k membership checks under 50ms" time="0.011">
    </testcase>
    <testcase classname="LOAD-09 State Management Stress" name="TC-L-248 1k array push/pop under 5ms" time="0">
    </testcase>
    <testcase classname="LOAD-09 State Management Stress" name="TC-L-249 10k array push/pop under 20ms" time="0.001">
    </testcase>
    <testcase classname="LOAD-09 State Management Stress" name="TC-L-250 1k array shift/unshift under 20ms" time="0.001">
    </testcase>
    <testcase classname="LOAD-09 State Management Stress" name="TC-L-251 1k object spread under 50ms" time="0">
    </testcase>
    <testcase classname="LOAD-09 State Management Stress" name="TC-L-252 5k object spread under 100ms" time="0">
    </testcase>
    <testcase classname="LOAD-09 State Management Stress" name="TC-L-253 10k object spread under 200ms" time="0.001">
    </testcase>
    <testcase classname="LOAD-09 State Management Stress" name="TC-L-254 1k nested object spread under 100ms" time="0">
    </testcase>
    <testcase classname="LOAD-09 State Management Stress" name="TC-L-255 5k nested object spread under 300ms" time="0">
    </testcase>
    <testcase classname="LOAD-09 State Management Stress" name="TC-L-256 1k Map set/delete under 50ms" time="0.001">
    </testcase>
    <testcase classname="LOAD-09 State Management Stress" name="TC-L-257 10k Map set/delete under 200ms" time="0.003">
    </testcase>
    <testcase classname="LOAD-09 State Management Stress" name="TC-L-258 1k Set add/delete under 50ms" time="0">
    </testcase>
    <testcase classname="LOAD-09 State Management Stress" name="TC-L-259 10k Set add/delete under 200ms" time="0.002">
    </testcase>
    <testcase classname="LOAD-09 State Management Stress" name="TC-L-260 1k Object.assign under 50ms" time="0.001">
    </testcase>
    <testcase classname="LOAD-09 State Management Stress" name="TC-L-261 5k Object.assign under 100ms" time="0.002">
    </testcase>
    <testcase classname="LOAD-09 State Management Stress" name="TC-L-262 10k Object.assign under 200ms" time="0.005">
    </testcase>
    <testcase classname="LOAD-09 State Management Stress" name="TC-L-263 1k JSON parse/stringify cycle under 50ms" time="0.001">
    </testcase>
    <testcase classname="LOAD-09 State Management Stress" name="TC-L-264 5k JSON parse/stringify cycle under 200ms" time="0.006">
    </testcase>
    <testcase classname="LOAD-09 State Management Stress" name="TC-L-265 1k array map+filter+reduce under 50ms" time="0">
    </testcase>
    <testcase classname="LOAD-09 State Management Stress" name="TC-L-266 5k array map+filter+reduce under 100ms" time="0.001">
    </testcase>
    <testcase classname="LOAD-09 State Management Stress" name="TC-L-267 10k array map+filter+reduce under 200ms" time="0.001">
    </testcase>
    <testcase classname="LOAD-09 State Management Stress" name="TC-L-268 1k chained sort+map under 50ms" time="0.002">
    </testcase>
    <testcase classname="LOAD-09 State Management Stress" name="TC-L-269 5k chained sort+map under 200ms" time="0.004">
    </testcase>
    <testcase classname="LOAD-09 State Management Stress" name="TC-L-270 10k chained sort+map under 300ms" time="0.009">
    </testcase>
    <testcase classname="LOAD-10 Async &amp; Timeout Tests" name="TC-L-271 Promise.all 500 micro-tasks under 500ms" time="0.001">
    </testcase>
    <testcase classname="LOAD-10 Async &amp; Timeout Tests" name="TC-L-272 sequential 100 async under 300ms" time="0">
    </testcase>
    <testcase classname="LOAD-10 Async &amp; Timeout Tests" name="TC-L-273 Promise.race 50 winner is 0" time="0.007">
    </testcase>
    <testcase classname="LOAD-10 Async &amp; Timeout Tests" name="TC-L-274 timeout resolves at correct threshold" time="0.016">
    </testcase>
    <testcase classname="LOAD-10 Async &amp; Timeout Tests" name="TC-L-275 timeout rejects when exceeded" time="0.118">
    </testcase>
    <testcase classname="LOAD-10 Async &amp; Timeout Tests" name="TC-L-276 10 parallel 10ms tasks under 15ms" time="0.014">
    </testcase>
    <testcase classname="LOAD-10 Async &amp; Timeout Tests" name="TC-L-277 20 parallel 5ms tasks under 10ms" time="0.018">
    </testcase>
    <testcase classname="LOAD-10 Async &amp; Timeout Tests" name="TC-L-278 50 parallel 1ms tasks under 10ms" time="0.015">
    </testcase>
    <testcase classname="LOAD-10 Async &amp; Timeout Tests" name="TC-L-279 100 parallel 1ms tasks under 20ms" time="0.001">
    </testcase>
    <testcase classname="LOAD-10 Async &amp; Timeout Tests" name="TC-L-280 200 parallel 1ms tasks under 30ms" time="0.016">
    </testcase>
    <testcase classname="LOAD-10 Async &amp; Timeout Tests" name="TC-L-281 Promise.allSettled 100 all fulfilled" time="0.017">
    </testcase>
    <testcase classname="LOAD-10 Async &amp; Timeout Tests" name="TC-L-282 Promise.allSettled 500 all fulfilled" time="0.017">
    </testcase>
    <testcase classname="LOAD-10 Async &amp; Timeout Tests" name="TC-L-283 Promise.race 10 winner is 0" time="0.016">
    </testcase>
    <testcase classname="LOAD-10 Async &amp; Timeout Tests" name="TC-L-284 Promise.race 100 winner is 0" time="0.017">
    </testcase>
    <testcase classname="LOAD-10 Async &amp; Timeout Tests" name="TC-L-285 Promise.race 500 winner is 0" time="0.016">
    </testcase>
    <testcase classname="LOAD-10 Async &amp; Timeout Tests" name="TC-L-286 timeout 1ms resolves" time="0.016">
    </testcase>
    <testcase classname="LOAD-10 Async &amp; Timeout Tests" name="TC-L-287 timeout 10ms resolves" time="0.017">
    </testcase>
    <testcase classname="LOAD-10 Async &amp; Timeout Tests" name="TC-L-288 timeout 50ms resolves" time="0.05">
    </testcase>
    <testcase classname="LOAD-10 Async &amp; Timeout Tests" name="TC-L-289 timeout 99ms resolves" time="0.1">
    </testcase>
    <testcase classname="LOAD-10 Async &amp; Timeout Tests" name="TC-L-290 timeout 101ms rejects" time="0.101">
    </testcase>
    <testcase classname="LOAD-10 Async &amp; Timeout Tests" name="TC-L-291 timeout 200ms rejects with 100ms limit" time="0.101">
    </testcase>
    <testcase classname="LOAD-10 Async &amp; Timeout Tests" name="TC-L-292 timeout 500ms rejects with 100ms limit" time="0.1">
    </testcase>
    <testcase classname="LOAD-10 Async &amp; Timeout Tests" name="TC-L-293 timeout 1000ms rejects with 100ms limit" time="0.101">
    </testcase>
    <testcase classname="LOAD-10 Async &amp; Timeout Tests" name="TC-L-294 5 sequential 10ms tasks under 55ms" time="0.082">
    </testcase>
    <testcase classname="LOAD-10 Async &amp; Timeout Tests" name="TC-L-295 10 sequential 5ms tasks under 55ms" time="0.15">
    </testcase>
    <testcase classname="LOAD-10 Async &amp; Timeout Tests" name="TC-L-296 20 sequential 1ms tasks under 40ms" time="0.184">
    </testcase>
    <testcase classname="LOAD-10 Async &amp; Timeout Tests" name="TC-L-297 50 sequential 1ms tasks under 60ms" time="0.432">
    </testcase>
    <testcase classname="LOAD-10 Async &amp; Timeout Tests" name="TC-L-298 100 sequential 1ms tasks under 110ms" time="0.881">
    </testcase>
    <testcase classname="LOAD-10 Async &amp; Timeout Tests" name="TC-L-299 200 sequential 1ms tasks under 210ms" time="3.016">
    </testcase>
    <testcase classname="LOAD-10 Async &amp; Timeout Tests" name="TC-L-300 all 1800 test cases distributed evenly 300 per suite" time="0.001">
    </testcase>
  </testsuite>
</testsuites>